{"contracts/develompent/access/Ownable.sol":{"l":{"26":651,"33":0,"34":0,"41":167,"48":2,"55":0,"70":0,"71":0,"79":651,"80":651,"81":651},"path":"/Users/ilya/Desktop/projects/bratouverie/contracts/develompent/access/Ownable.sol","s":{"1":651,"2":0,"3":167,"4":2,"5":0,"6":0,"7":0,"8":651,"9":651},"b":{"1":[0,0],"2":[0,0],"3":[0,0]},"f":{"1":162,"2":651,"3":0,"4":167,"5":2,"6":0,"7":0,"8":651},"fnMap":{"1":{"name":"constructor","line":23,"loc":{"start":{"line":23,"column":4},"end":{"line":23,"column":19}}},"2":{"name":"__init_Ownable","line":25,"loc":{"start":{"line":25,"column":4},"end":{"line":27,"column":4}}},"3":{"name":"onlyOwner","line":32,"loc":{"start":{"line":32,"column":4},"end":{"line":35,"column":4}}},"4":{"name":"owner","line":40,"loc":{"start":{"line":40,"column":4},"end":{"line":42,"column":4}}},"5":{"name":"isOwner","line":47,"loc":{"start":{"line":47,"column":4},"end":{"line":49,"column":4}}},"6":{"name":"_checkOwner","line":54,"loc":{"start":{"line":54,"column":4},"end":{"line":56,"column":4}}},"7":{"name":"transferOwnership","line":69,"loc":{"start":{"line":69,"column":4},"end":{"line":72,"column":4}}},"8":{"name":"_transferOwnership","line":78,"loc":{"start":{"line":78,"column":4},"end":{"line":82,"column":4}}}},"statementMap":{"1":{"start":{"line":26,"column":8},"end":{"line":26,"column":33}},"2":{"start":{"line":33,"column":8},"end":{"line":33,"column":20}},"3":{"start":{"line":41,"column":8},"end":{"line":41,"column":21}},"4":{"start":{"line":48,"column":8},"end":{"line":48,"column":30}},"5":{"start":{"line":55,"column":8},"end":{"line":55,"column":73}},"6":{"start":{"line":70,"column":8},"end":{"line":70,"column":80}},"7":{"start":{"line":71,"column":8},"end":{"line":71,"column":35}},"8":{"start":{"line":79,"column":8},"end":{"line":79,"column":33}},"9":{"start":{"line":81,"column":8},"end":{"line":81,"column":53}}},"branchMap":{"1":{"line":55,"type":"if","locations":[{"start":{"line":55,"column":8},"end":{"line":55,"column":8}},{"start":{"line":55,"column":8},"end":{"line":55,"column":8}}]},"2":{"line":69,"type":"if","locations":[{"start":{"line":69,"column":64},"end":{"line":69,"column":64}},{"start":{"line":69,"column":64},"end":{"line":69,"column":64}}]},"3":{"line":70,"type":"if","locations":[{"start":{"line":70,"column":8},"end":{"line":70,"column":8}},{"start":{"line":70,"column":8},"end":{"line":70,"column":8}}]}}},"contracts/develompent/access/roles/BrandRoles.sol":{"l":{},"path":"/Users/ilya/Desktop/projects/bratouverie/contracts/develompent/access/roles/BrandRoles.sol","s":{},"b":{},"f":{},"fnMap":{},"statementMap":{},"branchMap":{}},"contracts/develompent/access/roles/CollectionRoles.sol":{"l":{},"path":"/Users/ilya/Desktop/projects/bratouverie/contracts/develompent/access/roles/CollectionRoles.sol","s":{},"b":{},"f":{},"fnMap":{},"statementMap":{},"branchMap":{}},"contracts/develompent/access/roles/PlatformRoles.sol":{"l":{},"path":"/Users/ilya/Desktop/projects/bratouverie/contracts/develompent/access/roles/PlatformRoles.sol","s":{},"b":{},"f":{},"fnMap":{},"statementMap":{},"branchMap":{}},"contracts/develompent/access/RolesControl.sol":{"l":{"60":39,"61":33,"70":66,"79":0,"89":3339,"98":1528,"108":107,"116":303,"131":303,"132":9,"151":211,"152":211,"161":21,"170":12,"178":0,"187":0,"196":1421,"197":1421,"199":1421,"200":1421,"201":1421,"203":1421,"212":107,"213":107,"215":106,"216":106,"218":106,"219":101,"220":100,"222":96,"230":0,"231":0},"path":"/Users/ilya/Desktop/projects/bratouverie/contracts/develompent/access/RolesControl.sol","s":{"1":39,"2":66,"3":0,"4":3339,"5":1528,"6":107,"7":303,"8":303,"9":9,"10":211,"11":211,"12":21,"13":12,"14":0,"15":0,"16":1421,"17":1421,"18":1421,"19":1421,"20":107,"21":106,"22":106,"23":100,"24":96,"25":0,"26":0},"b":{"1":[9,294],"2":[211,0],"3":[21,5],"4":[12,1],"5":[0,0],"6":[1421,0],"7":[107,0],"8":[0,0]},"f":{"1":39,"2":66,"3":0,"4":3339,"5":1528,"6":107,"7":303,"8":303,"9":211,"10":21,"11":12,"12":0,"13":0,"14":1421,"15":107,"16":0},"fnMap":{"1":{"name":"accessOnly","line":59,"loc":{"start":{"line":59,"column":4},"end":{"line":62,"column":4}}},"2":{"name":"listAssetRoleMembers","line":69,"loc":{"start":{"line":69,"column":4},"end":{"line":71,"column":4}}},"3":{"name":"getRole","line":78,"loc":{"start":{"line":78,"column":4},"end":{"line":80,"column":4}}},"4":{"name":"hasAccess","line":88,"loc":{"start":{"line":88,"column":4},"end":{"line":90,"column":4}}},"5":{"name":"hasAnyRole","line":97,"loc":{"start":{"line":97,"column":4},"end":{"line":99,"column":4}}},"6":{"name":"hasRole","line":107,"loc":{"start":{"line":107,"column":4},"end":{"line":109,"column":4}}},"7":{"name":"_checkRole","line":115,"loc":{"start":{"line":115,"column":4},"end":{"line":117,"column":4}}},"8":{"name":"_checkRole","line":130,"loc":{"start":{"line":130,"column":4},"end":{"line":143,"column":4}}},"9":{"name":"getRoleAdmin","line":150,"loc":{"start":{"line":150,"column":4},"end":{"line":153,"column":4}}},"10":{"name":"grantRole","line":160,"loc":{"start":{"line":160,"column":4},"end":{"line":162,"column":4}}},"11":{"name":"revokeRole","line":169,"loc":{"start":{"line":169,"column":4},"end":{"line":171,"column":4}}},"12":{"name":"revokeAccount","line":177,"loc":{"start":{"line":177,"column":4},"end":{"line":179,"column":4}}},"13":{"name":"_setupRole","line":186,"loc":{"start":{"line":186,"column":4},"end":{"line":188,"column":4}}},"14":{"name":"_grantRole","line":195,"loc":{"start":{"line":195,"column":4},"end":{"line":204,"column":4}}},"15":{"name":"_revokeRole","line":211,"loc":{"start":{"line":211,"column":4},"end":{"line":223,"column":4}}},"16":{"name":"_revokeAccount","line":229,"loc":{"start":{"line":229,"column":4},"end":{"line":232,"column":4}}}},"statementMap":{"1":{"start":{"line":60,"column":8},"end":{"line":60,"column":30}},"2":{"start":{"line":70,"column":8},"end":{"line":70,"column":48}},"3":{"start":{"line":79,"column":8},"end":{"line":79,"column":35}},"4":{"start":{"line":89,"column":8},"end":{"line":89,"column":43}},"5":{"start":{"line":98,"column":8},"end":{"line":98,"column":39}},"6":{"start":{"line":108,"column":8},"end":{"line":108,"column":73}},"7":{"start":{"line":116,"column":8},"end":{"line":116,"column":42}},"8":{"start":{"line":131,"column":8},"end":{"line":131,"column":4848}},"9":{"start":{"line":132,"column":12},"end":{"line":132,"column":4904}},"10":{"start":{"line":151,"column":8},"end":{"line":151,"column":35}},"11":{"start":{"line":152,"column":8},"end":{"line":152,"column":42}},"12":{"start":{"line":161,"column":8},"end":{"line":161,"column":39}},"13":{"start":{"line":170,"column":8},"end":{"line":170,"column":40}},"14":{"start":{"line":178,"column":8},"end":{"line":178,"column":37}},"15":{"start":{"line":187,"column":8},"end":{"line":187,"column":39}},"16":{"start":{"line":196,"column":8},"end":{"line":196,"column":78}},"17":{"start":{"line":199,"column":8},"end":{"line":199,"column":68}},"18":{"start":{"line":201,"column":8},"end":{"line":201,"column":41}},"19":{"start":{"line":203,"column":8},"end":{"line":203,"column":51}},"20":{"start":{"line":212,"column":8},"end":{"line":212,"column":83}},"21":{"start":{"line":215,"column":8},"end":{"line":215,"column":68}},"22":{"start":{"line":216,"column":8},"end":{"line":216,"column":51}},"23":{"start":{"line":220,"column":8},"end":{"line":220,"column":33}},"24":{"start":{"line":222,"column":8},"end":{"line":222,"column":51}},"25":{"start":{"line":230,"column":8},"end":{"line":230,"column":84}},"26":{"start":{"line":231,"column":8},"end":{"line":231,"column":56}}},"branchMap":{"1":{"line":131,"type":"if","locations":[{"start":{"line":131,"column":8},"end":{"line":131,"column":8}},{"start":{"line":131,"column":8},"end":{"line":131,"column":8}}]},"2":{"line":152,"type":"if","locations":[{"start":{"line":152,"column":28},"end":{"line":152,"column":35}},{"start":{"line":152,"column":39},"end":{"line":152,"column":41}}]},"3":{"line":160,"type":"if","locations":[{"start":{"line":160,"column":82},"end":{"line":160,"column":82}},{"start":{"line":160,"column":82},"end":{"line":160,"column":82}}]},"4":{"line":169,"type":"if","locations":[{"start":{"line":169,"column":83},"end":{"line":169,"column":83}},{"start":{"line":169,"column":83},"end":{"line":169,"column":83}}]},"5":{"line":177,"type":"if","locations":[{"start":{"line":177,"column":74},"end":{"line":177,"column":74}},{"start":{"line":177,"column":74},"end":{"line":177,"column":74}}]},"6":{"line":196,"type":"if","locations":[{"start":{"line":196,"column":8},"end":{"line":196,"column":8}},{"start":{"line":196,"column":8},"end":{"line":196,"column":8}}]},"7":{"line":212,"type":"if","locations":[{"start":{"line":212,"column":8},"end":{"line":212,"column":8}},{"start":{"line":212,"column":8},"end":{"line":212,"column":8}}]},"8":{"line":230,"type":"if","locations":[{"start":{"line":230,"column":8},"end":{"line":230,"column":8}},{"start":{"line":230,"column":8},"end":{"line":230,"column":8}}]}}},"contracts/develompent/access/Validator.sol":{"l":{"48":246,"49":246,"58":246,"67":913,"75":913,"77":913,"78":913,"86":913,"95":150,"115":840,"140":783,"142":783,"143":783,"145":783,"146":783,"160":130,"162":130,"163":130,"165":128,"166":128,"180":913,"182":913,"183":913,"185":913,"186":926,"192":926,"193":926,"195":926,"196":926,"198":925,"199":925,"201":912,"203":911,"204":924,"205":924,"208":911,"217":10,"219":9,"220":9},"path":"/Users/ilya/Desktop/projects/bratouverie/contracts/develompent/access/Validator.sol","s":{"1":246,"2":913,"3":913,"4":913,"5":150,"6":840,"7":783,"8":783,"9":783,"10":783,"11":783,"12":130,"13":130,"14":130,"15":128,"16":128,"17":913,"18":913,"19":913,"20":913,"21":926,"22":926,"23":926,"24":925,"25":912,"26":911,"27":911,"28":10,"29":9},"b":{"1":[913,0],"2":[913,0],"3":[926,0],"4":[926,0],"5":[911,1],"6":[9,1]},"f":{"1":246,"2":246,"3":913,"4":913,"5":913,"6":150,"7":840,"8":783,"9":130,"10":913,"11":10,"12":0},"fnMap":{"1":{"name":"constructor","line":47,"loc":{"start":{"line":47,"column":4},"end":{"line":50,"column":4}}},"2":{"name":"_buildDomainSeparator","line":57,"loc":{"start":{"line":57,"column":4},"end":{"line":59,"column":4}}},"3":{"name":"_isValidated","line":66,"loc":{"start":{"line":66,"column":4},"end":{"line":68,"column":4}}},"4":{"name":"_validateHash","line":74,"loc":{"start":{"line":74,"column":4},"end":{"line":79,"column":4}}},"5":{"name":"_checkDeadline","line":85,"loc":{"start":{"line":85,"column":4},"end":{"line":87,"column":4}}},"6":{"name":"getBuyTokensHash","line":94,"loc":{"start":{"line":94,"column":4},"end":{"line":107,"column":4}}},"7":{"name":"getCreateCollectionHash","line":114,"loc":{"start":{"line":114,"column":4},"end":{"line":127,"column":4}}},"8":{"name":"_createCollectionValidateHashAndCheckPermit","line":136,"loc":{"start":{"line":136,"column":4},"end":{"line":147,"column":4}}},"9":{"name":"_buyTokensValidateHashAndCheckPermit","line":156,"loc":{"start":{"line":156,"column":4},"end":{"line":167,"column":4}}},"10":{"name":"_validateHashAndCheckPermit","line":176,"loc":{"start":{"line":176,"column":4},"end":{"line":209,"column":4}}},"11":{"name":"_setMinVerificationsCount","line":216,"loc":{"start":{"line":216,"column":4},"end":{"line":221,"column":4}}},"12":{"name":"_verify","line":229,"loc":{"start":{"line":229,"column":4},"end":{"line":229,"column":85}}}},"statementMap":{"1":{"start":{"line":58,"column":8},"end":{"line":58,"column":84}},"2":{"start":{"line":67,"column":8},"end":{"line":67,"column":37}},"3":{"start":{"line":75,"column":8},"end":{"line":75,"column":79}},"4":{"start":{"line":86,"column":8},"end":{"line":86,"column":75}},"5":{"start":{"line":95,"column":8},"end":{"line":95,"column":3406}},"6":{"start":{"line":115,"column":8},"end":{"line":115,"column":4108}},"7":{"start":{"line":140,"column":8},"end":{"line":140,"column":37}},"8":{"start":{"line":142,"column":8},"end":{"line":142,"column":60}},"9":{"start":{"line":143,"column":8},"end":{"line":143,"column":85}},"10":{"start":{"line":145,"column":8},"end":{"line":145,"column":60}},"11":{"start":{"line":146,"column":8},"end":{"line":146,"column":28}},"12":{"start":{"line":160,"column":8},"end":{"line":160,"column":37}},"13":{"start":{"line":162,"column":8},"end":{"line":162,"column":53}},"14":{"start":{"line":163,"column":8},"end":{"line":163,"column":85}},"15":{"start":{"line":165,"column":8},"end":{"line":165,"column":53}},"16":{"start":{"line":166,"column":8},"end":{"line":166,"column":28}},"17":{"start":{"line":180,"column":8},"end":{"line":180,"column":31}},"18":{"start":{"line":182,"column":8},"end":{"line":182,"column":38}},"19":{"start":{"line":183,"column":8},"end":{"line":183,"column":51}},"20":{"start":{"line":185,"column":8},"end":{"line":185,"column":6643}},"21":{"start":{"line":186,"column":12},"end":{"line":186,"column":6687}},"22":{"start":{"line":192,"column":12},"end":{"line":192,"column":82}},"23":{"start":{"line":193,"column":12},"end":{"line":193,"column":79}},"24":{"start":{"line":198,"column":12},"end":{"line":198,"column":50}},"25":{"start":{"line":201,"column":8},"end":{"line":201,"column":93}},"26":{"start":{"line":203,"column":8},"end":{"line":203,"column":7341}},"27":{"start":{"line":208,"column":8},"end":{"line":208,"column":16}},"28":{"start":{"line":217,"column":8},"end":{"line":217,"column":105}},"29":{"start":{"line":220,"column":8},"end":{"line":220,"column":64}}},"branchMap":{"1":{"line":75,"type":"if","locations":[{"start":{"line":75,"column":8},"end":{"line":75,"column":8}},{"start":{"line":75,"column":8},"end":{"line":75,"column":8}}]},"2":{"line":86,"type":"if","locations":[{"start":{"line":86,"column":8},"end":{"line":86,"column":8}},{"start":{"line":86,"column":8},"end":{"line":86,"column":8}}]},"3":{"line":192,"type":"if","locations":[{"start":{"line":192,"column":12},"end":{"line":192,"column":12}},{"start":{"line":192,"column":12},"end":{"line":192,"column":12}}]},"4":{"line":193,"type":"if","locations":[{"start":{"line":193,"column":12},"end":{"line":193,"column":12}},{"start":{"line":193,"column":12},"end":{"line":193,"column":12}}]},"5":{"line":201,"type":"if","locations":[{"start":{"line":201,"column":8},"end":{"line":201,"column":8}},{"start":{"line":201,"column":8},"end":{"line":201,"column":8}}]},"6":{"line":217,"type":"if","locations":[{"start":{"line":217,"column":8},"end":{"line":217,"column":8}},{"start":{"line":217,"column":8},"end":{"line":217,"column":8}}]}}},"contracts/develompent/cryptography/MerkleTree.sol":{"l":{"20":16,"28":11,"29":11,"38":42,"45":1320,"52":18},"path":"/Users/ilya/Desktop/projects/bratouverie/contracts/develompent/cryptography/MerkleTree.sol","s":{"1":16,"2":11,"3":42,"4":18},"b":{"1":[15,1]},"f":{"1":16,"2":11,"3":42,"4":1320,"5":18},"fnMap":{"1":{"name":"checkAction","line":19,"loc":{"start":{"line":19,"column":4},"end":{"line":21,"column":4}}},"2":{"name":"performAction","line":27,"loc":{"start":{"line":27,"column":4},"end":{"line":30,"column":4}}},"3":{"name":"verify","line":37,"loc":{"start":{"line":37,"column":4},"end":{"line":39,"column":4}}},"4":{"name":"update","line":44,"loc":{"start":{"line":44,"column":4},"end":{"line":46,"column":4}}},"5":{"name":"getRoot","line":51,"loc":{"start":{"line":51,"column":4},"end":{"line":53,"column":4}}}},"statementMap":{"1":{"start":{"line":20,"column":8},"end":{"line":20,"column":107}},"2":{"start":{"line":28,"column":8},"end":{"line":28,"column":53}},"3":{"start":{"line":38,"column":8},"end":{"line":38,"column":76}},"4":{"start":{"line":52,"column":8},"end":{"line":52,"column":35}}},"branchMap":{"1":{"line":20,"type":"if","locations":[{"start":{"line":20,"column":8},"end":{"line":20,"column":8}},{"start":{"line":20,"column":8},"end":{"line":20,"column":8}}]}}},"contracts/develompent/Factory.sol":{"l":{"38":162,"39":162,"45":653,"61":652,"64":651,"66":651,"68":651,"69":651,"74":651,"82":651,"85":651},"path":"/Users/ilya/Desktop/projects/bratouverie/contracts/develompent/Factory.sol","s":{"1":653,"2":652,"3":651,"4":651,"5":651,"6":651,"7":651,"8":651},"b":{"1":[651,1]},"f":{"1":162,"2":653,"3":652},"fnMap":{"1":{"name":"constructor","line":34,"loc":{"start":{"line":34,"column":4},"end":{"line":40,"column":4}}},"2":{"name":"deployedCollectionsLength","line":44,"loc":{"start":{"line":44,"column":4},"end":{"line":46,"column":4}}},"3":{"name":"deployCollection","line":54,"loc":{"start":{"line":54,"column":4},"end":{"line":93,"column":4}}}},"statementMap":{"1":{"start":{"line":45,"column":8},"end":{"line":45,"column":41}},"2":{"start":{"line":61,"column":8},"end":{"line":61,"column":67}},"3":{"start":{"line":64,"column":8},"end":{"line":64,"column":68}},"4":{"start":{"line":66,"column":8},"end":{"line":66,"column":82}},"5":{"start":{"line":68,"column":8},"end":{"line":68,"column":59}},"6":{"start":{"line":74,"column":8},"end":{"line":74,"column":3211}},"7":{"start":{"line":82,"column":8},"end":{"line":82,"column":43}},"8":{"start":{"line":85,"column":8},"end":{"line":85,"column":3564}}},"branchMap":{"1":{"line":61,"type":"if","locations":[{"start":{"line":61,"column":8},"end":{"line":61,"column":8}},{"start":{"line":61,"column":8},"end":{"line":61,"column":8}}]}}},"contracts/develompent/finance/Payments.sol":{"l":{"47":246,"48":246,"59":30,"60":29,"61":28,"62":27,"64":26,"66":25,"67":25,"69":22,"81":109,"82":108,"83":107,"84":106,"85":105,"87":104,"88":103,"90":85,"91":85,"92":24,"95":82,"107":783,"108":783,"109":783,"111":783,"113":783,"114":783,"116":781,"124":39,"126":38,"127":25,"128":25,"129":24,"132":35,"133":35,"134":26,"135":21,"143":11,"144":10,"150":1,"158":926},"path":"/Users/ilya/Desktop/projects/bratouverie/contracts/develompent/finance/Payments.sol","s":{"1":30,"2":29,"3":28,"4":27,"5":26,"6":25,"7":25,"8":22,"9":109,"10":108,"11":107,"12":106,"13":105,"14":104,"15":103,"16":85,"17":24,"18":82,"19":783,"20":783,"21":783,"22":783,"23":783,"24":783,"25":781,"26":39,"27":38,"28":25,"29":25,"30":24,"31":35,"32":35,"33":26,"34":21,"35":11,"36":10,"37":1,"38":926},"b":{"1":[29,1],"2":[28,1],"3":[27,1],"4":[26,1],"5":[108,1],"6":[107,1],"7":[106,1],"8":[105,1],"9":[104,1],"10":[24,61],"11":[783,0],"12":[783,0],"13":[783,0],"14":[25,13],"15":[26,9]},"f":{"1":246,"2":30,"3":109,"4":783,"5":39,"6":11,"7":1,"8":926},"fnMap":{"1":{"name":"constructor","line":43,"loc":{"start":{"line":43,"column":4},"end":{"line":49,"column":4}}},"2":{"name":"purchaseCBCOINWithToken","line":55,"loc":{"start":{"line":55,"column":4},"end":{"line":70,"column":4}}},"3":{"name":"purchaseCBCOINWithETH","line":77,"loc":{"start":{"line":77,"column":4},"end":{"line":96,"column":4}}},"4":{"name":"paymentForTheCreationOfACollection","line":103,"loc":{"start":{"line":103,"column":4},"end":{"line":117,"column":4}}},"5":{"name":"withdrawFunds","line":123,"loc":{"start":{"line":123,"column":4},"end":{"line":137,"column":4}}},"6":{"name":"setMinVerificationsCount","line":142,"loc":{"start":{"line":142,"column":4},"end":{"line":145,"column":4}}},"7":{"name":"listValidators","line":149,"loc":{"start":{"line":149,"column":4},"end":{"line":151,"column":4}}},"8":{"name":"_verify","line":157,"loc":{"start":{"line":157,"column":4},"end":{"line":159,"column":4}}}},"statementMap":{"1":{"start":{"line":59,"column":8},"end":{"line":59,"column":84}},"2":{"start":{"line":60,"column":8},"end":{"line":60,"column":93}},"3":{"start":{"line":61,"column":8},"end":{"line":61,"column":83}},"4":{"start":{"line":62,"column":8},"end":{"line":62,"column":97}},"5":{"start":{"line":64,"column":8},"end":{"line":64,"column":62}},"6":{"start":{"line":66,"column":8},"end":{"line":66,"column":98}},"7":{"start":{"line":67,"column":8},"end":{"line":67,"column":78}},"8":{"start":{"line":69,"column":8},"end":{"line":69,"column":126}},"9":{"start":{"line":81,"column":8},"end":{"line":81,"column":84}},"10":{"start":{"line":82,"column":8},"end":{"line":82,"column":110}},"11":{"start":{"line":83,"column":8},"end":{"line":83,"column":73}},"12":{"start":{"line":84,"column":8},"end":{"line":84,"column":97}},"13":{"start":{"line":85,"column":8},"end":{"line":85,"column":83}},"14":{"start":{"line":87,"column":8},"end":{"line":87,"column":62}},"15":{"start":{"line":88,"column":8},"end":{"line":88,"column":78}},"16":{"start":{"line":91,"column":8},"end":{"line":91,"column":4537}},"17":{"start":{"line":92,"column":12},"end":{"line":92,"column":49}},"18":{"start":{"line":95,"column":8},"end":{"line":95,"column":104}},"19":{"start":{"line":107,"column":8},"end":{"line":107,"column":99}},"20":{"start":{"line":108,"column":8},"end":{"line":108,"column":73}},"21":{"start":{"line":109,"column":8},"end":{"line":109,"column":76}},"22":{"start":{"line":111,"column":8},"end":{"line":111,"column":69}},"23":{"start":{"line":113,"column":8},"end":{"line":113,"column":103}},"24":{"start":{"line":114,"column":8},"end":{"line":114,"column":100}},"25":{"start":{"line":116,"column":8},"end":{"line":116,"column":19}},"26":{"start":{"line":124,"column":8},"end":{"line":124,"column":74}},"27":{"start":{"line":126,"column":8},"end":{"line":126,"column":6230}},"28":{"start":{"line":127,"column":12},"end":{"line":127,"column":78}},"29":{"start":{"line":128,"column":12},"end":{"line":128,"column":67}},"30":{"start":{"line":129,"column":12},"end":{"line":129,"column":80}},"31":{"start":{"line":132,"column":8},"end":{"line":132,"column":48}},"32":{"start":{"line":133,"column":8},"end":{"line":133,"column":6569}},"33":{"start":{"line":134,"column":12},"end":{"line":134,"column":48}},"34":{"start":{"line":135,"column":12},"end":{"line":135,"column":61}},"35":{"start":{"line":143,"column":8},"end":{"line":143,"column":74}},"36":{"start":{"line":144,"column":8},"end":{"line":144,"column":56}},"37":{"start":{"line":150,"column":8},"end":{"line":150,"column":45}},"38":{"start":{"line":158,"column":8},"end":{"line":158,"column":58}}},"branchMap":{"1":{"line":59,"type":"if","locations":[{"start":{"line":59,"column":8},"end":{"line":59,"column":8}},{"start":{"line":59,"column":8},"end":{"line":59,"column":8}}]},"2":{"line":60,"type":"if","locations":[{"start":{"line":60,"column":8},"end":{"line":60,"column":8}},{"start":{"line":60,"column":8},"end":{"line":60,"column":8}}]},"3":{"line":61,"type":"if","locations":[{"start":{"line":61,"column":8},"end":{"line":61,"column":8}},{"start":{"line":61,"column":8},"end":{"line":61,"column":8}}]},"4":{"line":62,"type":"if","locations":[{"start":{"line":62,"column":8},"end":{"line":62,"column":8}},{"start":{"line":62,"column":8},"end":{"line":62,"column":8}}]},"5":{"line":81,"type":"if","locations":[{"start":{"line":81,"column":8},"end":{"line":81,"column":8}},{"start":{"line":81,"column":8},"end":{"line":81,"column":8}}]},"6":{"line":82,"type":"if","locations":[{"start":{"line":82,"column":8},"end":{"line":82,"column":8}},{"start":{"line":82,"column":8},"end":{"line":82,"column":8}}]},"7":{"line":83,"type":"if","locations":[{"start":{"line":83,"column":8},"end":{"line":83,"column":8}},{"start":{"line":83,"column":8},"end":{"line":83,"column":8}}]},"8":{"line":84,"type":"if","locations":[{"start":{"line":84,"column":8},"end":{"line":84,"column":8}},{"start":{"line":84,"column":8},"end":{"line":84,"column":8}}]},"9":{"line":85,"type":"if","locations":[{"start":{"line":85,"column":8},"end":{"line":85,"column":8}},{"start":{"line":85,"column":8},"end":{"line":85,"column":8}}]},"10":{"line":91,"type":"if","locations":[{"start":{"line":91,"column":8},"end":{"line":91,"column":8}},{"start":{"line":91,"column":8},"end":{"line":91,"column":8}}]},"11":{"line":107,"type":"if","locations":[{"start":{"line":107,"column":8},"end":{"line":107,"column":8}},{"start":{"line":107,"column":8},"end":{"line":107,"column":8}}]},"12":{"line":108,"type":"if","locations":[{"start":{"line":108,"column":8},"end":{"line":108,"column":8}},{"start":{"line":108,"column":8},"end":{"line":108,"column":8}}]},"13":{"line":109,"type":"if","locations":[{"start":{"line":109,"column":8},"end":{"line":109,"column":8}},{"start":{"line":109,"column":8},"end":{"line":109,"column":8}}]},"14":{"line":126,"type":"if","locations":[{"start":{"line":126,"column":8},"end":{"line":126,"column":8}},{"start":{"line":126,"column":8},"end":{"line":126,"column":8}}]},"15":{"line":133,"type":"if","locations":[{"start":{"line":133,"column":8},"end":{"line":133,"column":8}},{"start":{"line":133,"column":8},"end":{"line":133,"column":8}}]}}},"contracts/develompent/finance/Treasury.sol":{"l":{"34":246,"35":246,"40":1,"48":130,"49":2,"51":129,"52":126,"53":114,"60":247,"62":246,"63":246},"path":"/Users/ilya/Desktop/projects/bratouverie/contracts/develompent/finance/Treasury.sol","s":{"1":1,"2":130,"3":2,"4":129,"5":126,"6":114,"7":247,"8":246},"b":{"1":[2,128],"2":[126,3]},"f":{"1":246,"2":1,"3":130,"4":247},"fnMap":{"1":{"name":"constructor","line":33,"loc":{"start":{"line":33,"column":4},"end":{"line":36,"column":4}}},"2":{"name":"totalSupply","line":39,"loc":{"start":{"line":39,"column":4},"end":{"line":41,"column":4}}},"3":{"name":"withdraw","line":47,"loc":{"start":{"line":47,"column":4},"end":{"line":54,"column":4}}},"4":{"name":"setPaymentsContractAddress","line":59,"loc":{"start":{"line":59,"column":4},"end":{"line":64,"column":4}}}},"statementMap":{"1":{"start":{"line":40,"column":8},"end":{"line":40,"column":46}},"2":{"start":{"line":48,"column":8},"end":{"line":48,"column":2086}},"3":{"start":{"line":49,"column":12},"end":{"line":49,"column":78}},"4":{"start":{"line":51,"column":8},"end":{"line":51,"column":89}},"5":{"start":{"line":52,"column":8},"end":{"line":52,"column":44}},"6":{"start":{"line":53,"column":8},"end":{"line":53,"column":52}},"7":{"start":{"line":60,"column":8},"end":{"line":60,"column":74}},"8":{"start":{"line":62,"column":8},"end":{"line":62,"column":70}}},"branchMap":{"1":{"line":48,"type":"if","locations":[{"start":{"line":48,"column":8},"end":{"line":48,"column":8}},{"start":{"line":48,"column":8},"end":{"line":48,"column":8}}]},"2":{"line":51,"type":"if","locations":[{"start":{"line":51,"column":8},"end":{"line":51,"column":8}},{"start":{"line":51,"column":8},"end":{"line":51,"column":8}}]}}},"contracts/develompent/interfaces/access/IValidator.sol":{"l":{},"path":"/Users/ilya/Desktop/projects/bratouverie/contracts/develompent/interfaces/access/IValidator.sol","s":{},"b":{},"f":{},"fnMap":{},"statementMap":{},"branchMap":{}},"contracts/develompent/interfaces/finance/IPayments.sol":{"l":{},"path":"/Users/ilya/Desktop/projects/bratouverie/contracts/develompent/interfaces/finance/IPayments.sol","s":{},"b":{},"f":{},"fnMap":{},"statementMap":{},"branchMap":{}},"contracts/develompent/interfaces/finance/ITreasury.sol":{"l":{},"path":"/Users/ilya/Desktop/projects/bratouverie/contracts/develompent/interfaces/finance/ITreasury.sol","s":{},"b":{},"f":{},"fnMap":{},"statementMap":{},"branchMap":{}},"contracts/develompent/interfaces/IFactory.sol":{"l":{},"path":"/Users/ilya/Desktop/projects/bratouverie/contracts/develompent/interfaces/IFactory.sol","s":{},"b":{},"f":{},"fnMap":{},"statementMap":{},"branchMap":{}},"contracts/develompent/interfaces/IMasterStation.sol":{"l":{},"path":"/Users/ilya/Desktop/projects/bratouverie/contracts/develompent/interfaces/IMasterStation.sol","s":{},"b":{},"f":{},"fnMap":{},"statementMap":{},"branchMap":{}},"contracts/develompent/interfaces/token/ICollection.sol":{"l":{},"path":"/Users/ilya/Desktop/projects/bratouverie/contracts/develompent/interfaces/token/ICollection.sol","s":{},"b":{},"f":{},"fnMap":{},"statementMap":{},"branchMap":{}},"contracts/develompent/interfaces/token/ICollectionData.sol":{"l":{},"path":"/Users/ilya/Desktop/projects/bratouverie/contracts/develompent/interfaces/token/ICollectionData.sol","s":{},"b":{},"f":{},"fnMap":{},"statementMap":{},"branchMap":{}},"contracts/develompent/interfaces/token/IERC20Mintable.sol":{"l":{},"path":"/Users/ilya/Desktop/projects/bratouverie/contracts/develompent/interfaces/token/IERC20Mintable.sol","s":{},"b":{},"f":{},"fnMap":{},"statementMap":{},"branchMap":{}},"contracts/develompent/interfaces/token/IProxiedCollection.sol":{"l":{},"path":"/Users/ilya/Desktop/projects/bratouverie/contracts/develompent/interfaces/token/IProxiedCollection.sol","s":{},"b":{},"f":{},"fnMap":{},"statementMap":{},"branchMap":{}},"contracts/develompent/MasterStation.sol":{"l":{"90":13,"95":66,"96":65,"108":261,"109":261,"121":770,"123":770,"124":770,"125":770,"127":770,"139":784,"141":783,"142":783,"144":783,"145":783,"147":783,"152":781,"156":558,"170":650,"174":649,"176":649,"177":648,"179":648,"185":648,"186":648,"188":648,"189":648,"190":648,"192":648,"193":540,"205":13,"206":13,"207":13,"219":25,"220":19,"221":12,"232":246,"234":246,"235":246,"245":261,"247":261,"248":261,"258":156,"260":156,"261":156,"270":26,"271":25,"275":24,"281":24,"287":22,"288":19,"297":18,"298":17,"302":16,"303":15,"319":48,"320":48,"321":47,"322":45,"336":0,"351":0,"368":13,"385":122,"389":0,"391":122,"408":1579,"409":1578,"423":2941,"433":240,"434":239,"436":237,"437":237,"438":237,"439":237,"449":26,"450":25,"452":24,"453":24,"454":24,"455":24,"456":22,"457":22,"458":18,"468":26,"469":21,"475":13,"476":9,"483":37,"484":33,"485":33,"492":26,"493":24,"494":19,"502":43,"508":39,"512":39,"520":13,"526":12,"530":9,"538":40,"544":36,"548":36,"556":13,"562":12,"566":9,"573":44,"583":1363,"594":1494,"606":109,"613":0,"617":0,"621":2,"627":6,"634":29,"643":29,"649":5,"655":53,"661":106,"665":2},"path":"/Users/ilya/Desktop/projects/bratouverie/contracts/develompent/MasterStation.sol","s":{"1":66,"2":261,"3":261,"4":770,"5":770,"6":770,"7":770,"8":784,"9":783,"10":770,"11":783,"12":783,"13":783,"14":783,"15":781,"16":558,"17":650,"18":649,"19":649,"20":648,"21":648,"22":648,"23":648,"24":648,"25":540,"26":13,"27":13,"28":13,"29":25,"30":19,"31":12,"32":246,"33":246,"34":261,"35":261,"36":156,"37":156,"38":26,"39":25,"40":24,"41":24,"42":19,"43":18,"44":17,"45":15,"46":48,"47":48,"48":47,"49":0,"50":0,"51":13,"52":122,"53":0,"54":122,"55":1579,"56":1578,"57":2941,"58":240,"59":239,"60":237,"61":237,"62":26,"63":25,"64":24,"65":24,"66":22,"67":18,"68":26,"69":21,"70":13,"71":9,"72":37,"73":33,"74":33,"75":26,"76":24,"77":19,"78":43,"79":39,"80":39,"81":13,"82":12,"83":9,"84":40,"85":36,"86":36,"87":13,"88":12,"89":9,"90":44,"91":1363,"92":1494,"93":109,"94":0,"95":0,"96":2,"97":6,"98":29,"99":29,"100":5,"101":53,"102":106,"103":2},"b":{"1":[12,1],"2":[65,1],"3":[770,0],"4":[783,1],"5":[770,13],"6":[781,2],"7":[649,1],"8":[648,1],"9":[12,7],"10":[24,1],"11":[16,1],"12":[0,122],"13":[0,0],"14":[37,69],"15":[69,4],"16":[1578,1],"17":[1499,58],"18":[239,1],"19":[25,1],"20":[13,0],"21":[26,1],"22":[13,0],"23":[13,0],"24":[42,2],"25":[1358,5],"26":[1488,6],"27":[99,10]},"f":{"1":66,"2":261,"3":770,"4":784,"5":650,"6":13,"7":25,"8":246,"9":261,"10":156,"11":26,"12":18,"13":48,"14":0,"15":0,"16":13,"17":122,"18":1579,"19":2941,"20":240,"21":26,"22":26,"23":13,"24":37,"25":26,"26":43,"27":13,"28":40,"29":13,"30":44,"31":1363,"32":1494,"33":109,"34":0,"35":0,"36":2,"37":6,"38":29,"39":29,"40":5,"41":53,"42":106,"43":2},"fnMap":{"1":{"name":"notSelf","line":94,"loc":{"start":{"line":94,"column":4},"end":{"line":97,"column":4}}},"2":{"name":"constructor","line":104,"loc":{"start":{"line":104,"column":4},"end":{"line":110,"column":4}}},"3":{"name":"createBrand","line":117,"loc":{"start":{"line":117,"column":4},"end":{"line":128,"column":4}}},"4":{"name":"createCollection","line":135,"loc":{"start":{"line":135,"column":4},"end":{"line":157,"column":4}}},"5":{"name":"deployCollection","line":165,"loc":{"start":{"line":165,"column":4},"end":{"line":194,"column":4}}},"6":{"name":"purchaseCBCOINWithToken","line":201,"loc":{"start":{"line":201,"column":4},"end":{"line":208,"column":4}}},"7":{"name":"purchaseCBCOINWithETH","line":215,"loc":{"start":{"line":215,"column":4},"end":{"line":223,"column":4}}},"8":{"name":"setPaymentsContract","line":229,"loc":{"start":{"line":229,"column":4},"end":{"line":236,"column":4}}},"9":{"name":"setCBCOIN","line":242,"loc":{"start":{"line":242,"column":4},"end":{"line":249,"column":4}}},"10":{"name":"setFactory","line":255,"loc":{"start":{"line":255,"column":4},"end":{"line":262,"column":4}}},"11":{"name":"disableCollection","line":269,"loc":{"start":{"line":269,"column":4},"end":{"line":289,"column":4}}},"12":{"name":"enableCollection","line":296,"loc":{"start":{"line":296,"column":4},"end":{"line":304,"column":4}}},"13":{"name":"_batchRevokeFromCollection","line":313,"loc":{"start":{"line":313,"column":4},"end":{"line":324,"column":4}}},"14":{"name":"hasAccessToPlatform","line":332,"loc":{"start":{"line":332,"column":4},"end":{"line":337,"column":4}}},"15":{"name":"hasAccessToBrand","line":346,"loc":{"start":{"line":346,"column":4},"end":{"line":352,"column":4}}},"16":{"name":"hasAccessToCollection","line":362,"loc":{"start":{"line":362,"column":4},"end":{"line":369,"column":4}}},"17":{"name":"_hasAccess","line":379,"loc":{"start":{"line":379,"column":4},"end":{"line":394,"column":4}}},"18":{"name":"_hasAccess","line":403,"loc":{"start":{"line":403,"column":4},"end":{"line":411,"column":4}}},"19":{"name":"_hasAccess","line":419,"loc":{"start":{"line":419,"column":4},"end":{"line":424,"column":4}}},"20":{"name":"grantValidatorRole","line":430,"loc":{"start":{"line":430,"column":4},"end":{"line":440,"column":4}}},"21":{"name":"revokeValidatorRole","line":446,"loc":{"start":{"line":446,"column":4},"end":{"line":459,"column":4}}},"22":{"name":"grantPlatformAdminRole","line":465,"loc":{"start":{"line":465,"column":4},"end":{"line":470,"column":4}}},"23":{"name":"revokePlatformAdminRole","line":474,"loc":{"start":{"line":472,"column":4},"end":{"line":477,"column":4}}},"24":{"name":"grantBrandAdminRole","line":479,"loc":{"start":{"line":479,"column":4},"end":{"line":486,"column":4}}},"25":{"name":"revokeBrandAdminRole","line":491,"loc":{"start":{"line":488,"column":4},"end":{"line":495,"column":4}}},"26":{"name":"grantCollectionAdminRole","line":497,"loc":{"start":{"line":497,"column":4},"end":{"line":513,"column":4}}},"27":{"name":"revokeCollectionAdminRole","line":519,"loc":{"start":{"line":515,"column":4},"end":{"line":531,"column":4}}},"28":{"name":"grantCollectionModeratorRole","line":533,"loc":{"start":{"line":533,"column":4},"end":{"line":549,"column":4}}},"29":{"name":"revokeCollectionModeratorRole","line":555,"loc":{"start":{"line":551,"column":4},"end":{"line":567,"column":4}}},"30":{"name":"checkCollectionByBrand","line":569,"loc":{"start":{"line":569,"column":4},"end":{"line":577,"column":4}}},"31":{"name":"checkAccessToPlatform","line":579,"loc":{"start":{"line":579,"column":4},"end":{"line":587,"column":4}}},"32":{"name":"checkAccessToBrand","line":589,"loc":{"start":{"line":589,"column":4},"end":{"line":598,"column":4}}},"33":{"name":"checkAccessToCollection","line":600,"loc":{"start":{"line":600,"column":4},"end":{"line":610,"column":4}}},"34":{"name":"listDefaultAdmins","line":612,"loc":{"start":{"line":612,"column":4},"end":{"line":614,"column":4}}},"35":{"name":"listChiefAdmins","line":616,"loc":{"start":{"line":616,"column":4},"end":{"line":618,"column":4}}},"36":{"name":"listPlatformAdmins","line":620,"loc":{"start":{"line":620,"column":4},"end":{"line":622,"column":4}}},"37":{"name":"listBrandAdmins","line":624,"loc":{"start":{"line":624,"column":4},"end":{"line":628,"column":4}}},"38":{"name":"listCollectionAdmins","line":630,"loc":{"start":{"line":630,"column":4},"end":{"line":637,"column":4}}},"39":{"name":"listCollectionModerators","line":639,"loc":{"start":{"line":639,"column":4},"end":{"line":646,"column":4}}},"40":{"name":"listValidators","line":648,"loc":{"start":{"line":648,"column":4},"end":{"line":650,"column":4}}},"41":{"name":"listDeployedBrandCollections","line":652,"loc":{"start":{"line":652,"column":4},"end":{"line":656,"column":4}}},"42":{"name":"listCreatedBrandCollections","line":658,"loc":{"start":{"line":658,"column":4},"end":{"line":662,"column":4}}},"43":{"name":"listBrands","line":664,"loc":{"start":{"line":664,"column":4},"end":{"line":666,"column":4}}}},"statementMap":{"1":{"start":{"line":95,"column":8},"end":{"line":95,"column":72}},"2":{"start":{"line":108,"column":8},"end":{"line":108,"column":66}},"3":{"start":{"line":109,"column":8},"end":{"line":109,"column":62}},"4":{"start":{"line":121,"column":8},"end":{"line":121,"column":75}},"5":{"start":{"line":124,"column":8},"end":{"line":124,"column":26}},"6":{"start":{"line":125,"column":8},"end":{"line":125,"column":72}},"7":{"start":{"line":127,"column":8},"end":{"line":127,"column":62}},"8":{"start":{"line":139,"column":8},"end":{"line":139,"column":78}},"9":{"start":{"line":141,"column":8},"end":{"line":141,"column":84}},"10":{"start":{"line":141,"column":44},"end":{"line":141,"column":83}},"11":{"start":{"line":142,"column":8},"end":{"line":142,"column":72}},"12":{"start":{"line":144,"column":8},"end":{"line":144,"column":78}},"13":{"start":{"line":145,"column":8},"end":{"line":145,"column":73}},"14":{"start":{"line":147,"column":8},"end":{"line":147,"column":5861}},"15":{"start":{"line":152,"column":8},"end":{"line":152,"column":6020}},"16":{"start":{"line":156,"column":8},"end":{"line":156,"column":78}},"17":{"start":{"line":170,"column":8},"end":{"line":170,"column":6656}},"18":{"start":{"line":174,"column":8},"end":{"line":174,"column":95}},"19":{"start":{"line":176,"column":8},"end":{"line":176,"column":85}},"20":{"start":{"line":177,"column":8},"end":{"line":177,"column":63}},"21":{"start":{"line":179,"column":8},"end":{"line":179,"column":7063}},"22":{"start":{"line":185,"column":8},"end":{"line":185,"column":66}},"23":{"start":{"line":188,"column":8},"end":{"line":188,"column":69}},"24":{"start":{"line":190,"column":8},"end":{"line":190,"column":45}},"25":{"start":{"line":193,"column":8},"end":{"line":193,"column":96}},"26":{"start":{"line":205,"column":8},"end":{"line":205,"column":98}},"27":{"start":{"line":206,"column":8},"end":{"line":206,"column":93}},"28":{"start":{"line":207,"column":8},"end":{"line":207,"column":66}},"29":{"start":{"line":219,"column":8},"end":{"line":219,"column":101}},"30":{"start":{"line":220,"column":8},"end":{"line":220,"column":8831}},"31":{"start":{"line":221,"column":12},"end":{"line":221,"column":49}},"32":{"start":{"line":232,"column":8},"end":{"line":232,"column":60}},"33":{"start":{"line":234,"column":8},"end":{"line":234,"column":90}},"34":{"start":{"line":245,"column":8},"end":{"line":245,"column":60}},"35":{"start":{"line":247,"column":8},"end":{"line":247,"column":68}},"36":{"start":{"line":258,"column":8},"end":{"line":258,"column":60}},"37":{"start":{"line":260,"column":8},"end":{"line":260,"column":63}},"38":{"start":{"line":270,"column":8},"end":{"line":270,"column":50}},"39":{"start":{"line":271,"column":8},"end":{"line":271,"column":10409}},"40":{"start":{"line":275,"column":8},"end":{"line":275,"column":10548}},"41":{"start":{"line":281,"column":8},"end":{"line":281,"column":10731}},"42":{"start":{"line":288,"column":8},"end":{"line":288,"column":64}},"43":{"start":{"line":297,"column":8},"end":{"line":297,"column":50}},"44":{"start":{"line":298,"column":8},"end":{"line":298,"column":11355}},"45":{"start":{"line":303,"column":8},"end":{"line":303,"column":63}},"46":{"start":{"line":319,"column":8},"end":{"line":319,"column":36}},"47":{"start":{"line":320,"column":8},"end":{"line":320,"column":12124}},"48":{"start":{"line":321,"column":12},"end":{"line":321,"column":105}},"49":{"start":{"line":336,"column":8},"end":{"line":336,"column":42}},"50":{"start":{"line":351,"column":8},"end":{"line":351,"column":50}},"51":{"start":{"line":368,"column":8},"end":{"line":368,"column":63}},"52":{"start":{"line":385,"column":8},"end":{"line":385,"column":14388}},"53":{"start":{"line":389,"column":12},"end":{"line":389,"column":24}},"54":{"start":{"line":391,"column":8},"end":{"line":391,"column":14659}},"55":{"start":{"line":408,"column":8},"end":{"line":408,"column":73}},"56":{"start":{"line":409,"column":8},"end":{"line":409,"column":15375}},"57":{"start":{"line":423,"column":8},"end":{"line":423,"column":55}},"58":{"start":{"line":433,"column":8},"end":{"line":433,"column":74}},"59":{"start":{"line":434,"column":8},"end":{"line":434,"column":51}},"60":{"start":{"line":438,"column":8},"end":{"line":438,"column":32}},"61":{"start":{"line":439,"column":8},"end":{"line":439,"column":55}},"62":{"start":{"line":449,"column":8},"end":{"line":449,"column":77}},"63":{"start":{"line":450,"column":8},"end":{"line":450,"column":51}},"64":{"start":{"line":453,"column":8},"end":{"line":453,"column":44}},"65":{"start":{"line":454,"column":8},"end":{"line":454,"column":47}},"66":{"start":{"line":457,"column":8},"end":{"line":457,"column":23}},"67":{"start":{"line":458,"column":8},"end":{"line":458,"column":55}},"68":{"start":{"line":468,"column":8},"end":{"line":468,"column":61}},"69":{"start":{"line":469,"column":8},"end":{"line":469,"column":75}},"70":{"start":{"line":475,"column":8},"end":{"line":475,"column":62}},"71":{"start":{"line":476,"column":8},"end":{"line":476,"column":75}},"72":{"start":{"line":483,"column":8},"end":{"line":483,"column":90}},"73":{"start":{"line":484,"column":8},"end":{"line":484,"column":70}},"74":{"start":{"line":485,"column":8},"end":{"line":485,"column":77}},"75":{"start":{"line":492,"column":8},"end":{"line":492,"column":90}},"76":{"start":{"line":493,"column":8},"end":{"line":493,"column":71}},"77":{"start":{"line":494,"column":8},"end":{"line":494,"column":77}},"78":{"start":{"line":502,"column":8},"end":{"line":502,"column":18618}},"79":{"start":{"line":508,"column":8},"end":{"line":508,"column":18795}},"80":{"start":{"line":512,"column":8},"end":{"line":512,"column":100}},"81":{"start":{"line":520,"column":8},"end":{"line":520,"column":19216}},"82":{"start":{"line":526,"column":8},"end":{"line":526,"column":19393}},"83":{"start":{"line":530,"column":8},"end":{"line":530,"column":100}},"84":{"start":{"line":538,"column":8},"end":{"line":538,"column":19800}},"85":{"start":{"line":544,"column":8},"end":{"line":544,"column":19975}},"86":{"start":{"line":548,"column":8},"end":{"line":548,"column":98}},"87":{"start":{"line":556,"column":8},"end":{"line":556,"column":20396}},"88":{"start":{"line":562,"column":8},"end":{"line":562,"column":20571}},"89":{"start":{"line":566,"column":8},"end":{"line":566,"column":98}},"90":{"start":{"line":573,"column":8},"end":{"line":573,"column":20944}},"91":{"start":{"line":583,"column":8},"end":{"line":583,"column":21213}},"92":{"start":{"line":594,"column":8},"end":{"line":594,"column":21484}},"93":{"start":{"line":606,"column":8},"end":{"line":606,"column":21795}},"94":{"start":{"line":613,"column":8},"end":{"line":613,"column":69}},"95":{"start":{"line":617,"column":8},"end":{"line":617,"column":67}},"96":{"start":{"line":621,"column":8},"end":{"line":621,"column":70}},"97":{"start":{"line":627,"column":8},"end":{"line":627,"column":78}},"98":{"start":{"line":634,"column":8},"end":{"line":634,"column":22756}},"99":{"start":{"line":643,"column":8},"end":{"line":643,"column":23053}},"100":{"start":{"line":649,"column":8},"end":{"line":649,"column":25}},"101":{"start":{"line":655,"column":8},"end":{"line":655,"column":48}},"102":{"start":{"line":661,"column":8},"end":{"line":661,"column":47}},"103":{"start":{"line":665,"column":8},"end":{"line":665,"column":21}}},"branchMap":{"1":{"line":90,"type":"if","locations":[{"start":{"line":90,"column":8},"end":{"line":90,"column":8}},{"start":{"line":90,"column":8},"end":{"line":90,"column":8}}]},"2":{"line":95,"type":"if","locations":[{"start":{"line":95,"column":8},"end":{"line":95,"column":8}},{"start":{"line":95,"column":8},"end":{"line":95,"column":8}}]},"3":{"line":121,"type":"if","locations":[{"start":{"line":121,"column":8},"end":{"line":121,"column":8}},{"start":{"line":121,"column":8},"end":{"line":121,"column":8}}]},"4":{"line":139,"type":"if","locations":[{"start":{"line":139,"column":8},"end":{"line":139,"column":8}},{"start":{"line":139,"column":8},"end":{"line":139,"column":8}}]},"5":{"line":141,"type":"if","locations":[{"start":{"line":141,"column":8},"end":{"line":141,"column":8}},{"start":{"line":141,"column":8},"end":{"line":141,"column":8}}]},"6":{"line":147,"type":"if","locations":[{"start":{"line":147,"column":8},"end":{"line":147,"column":8}},{"start":{"line":147,"column":8},"end":{"line":147,"column":8}}]},"7":{"line":170,"type":"if","locations":[{"start":{"line":170,"column":8},"end":{"line":170,"column":8}},{"start":{"line":170,"column":8},"end":{"line":170,"column":8}}]},"8":{"line":176,"type":"if","locations":[{"start":{"line":176,"column":8},"end":{"line":176,"column":8}},{"start":{"line":176,"column":8},"end":{"line":176,"column":8}}]},"9":{"line":220,"type":"if","locations":[{"start":{"line":220,"column":8},"end":{"line":220,"column":8}},{"start":{"line":220,"column":8},"end":{"line":220,"column":8}}]},"10":{"line":271,"type":"if","locations":[{"start":{"line":271,"column":8},"end":{"line":271,"column":8}},{"start":{"line":271,"column":8},"end":{"line":271,"column":8}}]},"11":{"line":298,"type":"if","locations":[{"start":{"line":298,"column":8},"end":{"line":298,"column":8}},{"start":{"line":298,"column":8},"end":{"line":298,"column":8}}]},"12":{"line":385,"type":"if","locations":[{"start":{"line":385,"column":8},"end":{"line":385,"column":8}},{"start":{"line":385,"column":8},"end":{"line":385,"column":8}}]},"13":{"line":386,"type":"cond-expr","locations":[{"start":{"line":386,"column":12},"end":{"line":386,"column":63}},{"start":{"line":387,"column":12},"end":{"line":387,"column":44}}]},"14":{"line":391,"type":"cond-expr","locations":[{"start":{"line":391,"column":16},"end":{"line":391,"column":59}},{"start":{"line":392,"column":16},"end":{"line":392,"column":50}}]},"15":{"line":391,"type":"cond-expr","locations":[{"start":{"line":391,"column":16},"end":{"line":392,"column":50}},{"start":{"line":393,"column":16},"end":{"line":393,"column":103}}]},"16":{"line":408,"type":"if","locations":[{"start":{"line":408,"column":8},"end":{"line":408,"column":8}},{"start":{"line":408,"column":8},"end":{"line":408,"column":8}}]},"17":{"line":409,"type":"cond-expr","locations":[{"start":{"line":409,"column":16},"end":{"line":409,"column":42}},{"start":{"line":410,"column":16},"end":{"line":410,"column":66}}]},"18":{"line":433,"type":"if","locations":[{"start":{"line":433,"column":8},"end":{"line":433,"column":8}},{"start":{"line":433,"column":8},"end":{"line":433,"column":8}}]},"19":{"line":449,"type":"if","locations":[{"start":{"line":449,"column":8},"end":{"line":449,"column":8}},{"start":{"line":449,"column":8},"end":{"line":449,"column":8}}]},"20":{"line":474,"type":"if","locations":[{"start":{"line":474,"column":15},"end":{"line":474,"column":15}},{"start":{"line":474,"column":15},"end":{"line":474,"column":15}}]},"21":{"line":491,"type":"if","locations":[{"start":{"line":491,"column":15},"end":{"line":491,"column":15}},{"start":{"line":491,"column":15},"end":{"line":491,"column":15}}]},"22":{"line":519,"type":"if","locations":[{"start":{"line":519,"column":15},"end":{"line":519,"column":15}},{"start":{"line":519,"column":15},"end":{"line":519,"column":15}}]},"23":{"line":555,"type":"if","locations":[{"start":{"line":555,"column":15},"end":{"line":555,"column":15}},{"start":{"line":555,"column":15},"end":{"line":555,"column":15}}]},"24":{"line":573,"type":"if","locations":[{"start":{"line":573,"column":8},"end":{"line":573,"column":8}},{"start":{"line":573,"column":8},"end":{"line":573,"column":8}}]},"25":{"line":583,"type":"if","locations":[{"start":{"line":583,"column":8},"end":{"line":583,"column":8}},{"start":{"line":583,"column":8},"end":{"line":583,"column":8}}]},"26":{"line":594,"type":"if","locations":[{"start":{"line":594,"column":8},"end":{"line":594,"column":8}},{"start":{"line":594,"column":8},"end":{"line":594,"column":8}}]},"27":{"line":606,"type":"if","locations":[{"start":{"line":606,"column":8},"end":{"line":606,"column":8}},{"start":{"line":606,"column":8},"end":{"line":606,"column":8}}]}}},"contracts/develompent/MockMarketplace.sol":{"l":{"23":21,"27":16,"28":16,"32":26,"34":26,"40":26,"41":26,"42":24,"46":0,"48":0,"49":0,"50":0,"52":0},"path":"/Users/ilya/Desktop/projects/bratouverie/contracts/develompent/MockMarketplace.sol","s":{"1":26,"2":26,"3":26,"4":26,"5":24,"6":0,"7":0,"8":0,"9":0,"10":0},"b":{"1":[26,0],"2":[0,0]},"f":{"1":21,"2":16,"3":26,"4":0},"fnMap":{"1":{"name":"constructor","line":22,"loc":{"start":{"line":22,"column":4},"end":{"line":24,"column":4}}},"2":{"name":"sell","line":26,"loc":{"start":{"line":26,"column":4},"end":{"line":29,"column":4}}},"3":{"name":"buy1","line":31,"loc":{"start":{"line":31,"column":4},"end":{"line":43,"column":4}}},"4":{"name":"buy2","line":45,"loc":{"start":{"line":45,"column":4},"end":{"line":57,"column":4}}}},"statementMap":{"1":{"start":{"line":32,"column":8},"end":{"line":32,"column":53}},"2":{"start":{"line":34,"column":8},"end":{"line":34,"column":853}},"3":{"start":{"line":40,"column":8},"end":{"line":40,"column":99}},"4":{"start":{"line":41,"column":8},"end":{"line":41,"column":49}},"5":{"start":{"line":42,"column":8},"end":{"line":42,"column":68}},"6":{"start":{"line":46,"column":8},"end":{"line":46,"column":53}},"7":{"start":{"line":48,"column":8},"end":{"line":48,"column":99}},"8":{"start":{"line":49,"column":8},"end":{"line":49,"column":49}},"9":{"start":{"line":50,"column":8},"end":{"line":50,"column":68}},"10":{"start":{"line":52,"column":8},"end":{"line":52,"column":1552}}},"branchMap":{"1":{"line":32,"type":"if","locations":[{"start":{"line":32,"column":8},"end":{"line":32,"column":8}},{"start":{"line":32,"column":8},"end":{"line":32,"column":8}}]},"2":{"line":46,"type":"if","locations":[{"start":{"line":46,"column":8},"end":{"line":46,"column":8}},{"start":{"line":46,"column":8},"end":{"line":46,"column":8}}]}}},"contracts/develompent/token/CBCOIN.sol":{"l":{"27":261,"28":261,"39":401,"40":400,"42":400,"53":4,"55":3},"path":"/Users/ilya/Desktop/projects/bratouverie/contracts/develompent/token/CBCOIN.sol","s":{"1":401,"2":400,"3":400,"4":4,"5":3},"b":{"1":[399,1],"2":[3,1]},"f":{"1":261,"2":401,"3":4},"fnMap":{"1":{"name":"constructor","line":26,"loc":{"start":{"line":23,"column":4},"end":{"line":29,"column":4}}},"2":{"name":"mint","line":38,"loc":{"start":{"line":38,"column":4},"end":{"line":43,"column":4}}},"3":{"name":"burn","line":52,"loc":{"start":{"line":52,"column":4},"end":{"line":56,"column":4}}}},"statementMap":{"1":{"start":{"line":39,"column":8},"end":{"line":39,"column":76}},"2":{"start":{"line":40,"column":8},"end":{"line":40,"column":24}},"3":{"start":{"line":42,"column":8},"end":{"line":42,"column":76}},"4":{"start":{"line":53,"column":8},"end":{"line":53,"column":67}},"5":{"start":{"line":55,"column":8},"end":{"line":55,"column":29}}},"branchMap":{"1":{"line":42,"type":"if","locations":[{"start":{"line":42,"column":8},"end":{"line":42,"column":8}},{"start":{"line":42,"column":8},"end":{"line":42,"column":8}}]},"2":{"line":53,"type":"if","locations":[{"start":{"line":53,"column":8},"end":{"line":53,"column":8}},{"start":{"line":53,"column":8},"end":{"line":53,"column":8}}]}}},"contracts/develompent/token/Collection.sol":{"l":{"147":27,"148":27,"152":25,"156":24,"157":8,"161":0,"166":26,"168":26,"170":26,"171":26,"172":26,"185":658,"186":651,"188":651,"190":651,"191":651,"192":651,"193":651,"195":651,"196":651,"197":651,"198":651,"199":651,"200":651,"201":651,"202":651,"203":651,"207":0,"211":10,"220":10,"226":1,"227":1,"235":9,"237":9,"238":9,"239":9,"241":9,"242":9,"243":9,"254":8,"273":16,"291":27,"293":26,"294":26,"295":26,"297":26,"298":26,"299":26,"300":10,"302":10,"306":10,"308":10,"311":26,"312":26,"313":26,"315":26,"324":26,"325":7,"326":7,"327":5,"329":2,"336":4,"337":4,"339":2,"340":2,"341":4,"342":4,"344":4,"345":2,"349":2,"355":4,"357":2,"359":2,"367":21,"370":21,"373":21,"377":21,"378":6,"383":6,"384":6,"386":6,"389":15,"393":1,"398":1,"399":1,"401":1,"403":14,"417":8,"425":0,"428":8,"429":3,"430":2,"432":2,"433":2,"435":2,"438":5,"441":5,"444":5,"448":5,"458":2,"459":2,"462":2,"463":2,"468":2,"469":2,"471":2,"474":2,"486":0,"487":0,"488":0,"495":0,"496":0,"507":0,"508":0,"511":0,"514":0,"515":0,"526":1,"527":1,"532":1,"533":1,"534":3,"543":3,"544":3,"547":3,"550":1,"551":0,"560":0,"561":0,"562":0,"563":0,"572":0,"573":0,"574":0,"575":0,"584":0,"585":0,"593":0,"594":0,"596":0,"597":0,"598":0,"599":0,"601":0,"606":0,"607":0,"610":0,"615":0,"628":2,"629":2,"630":2,"643":0,"644":0,"646":0,"650":0,"652":0,"660":5,"661":5,"664":5,"665":4,"689":5,"694":2,"696":2,"707":38,"709":38,"730":15,"740":2,"744":0,"745":0,"746":0,"747":0,"748":0,"750":0,"751":0,"754":0,"758":1,"762":1,"766":0,"770":0,"771":0,"775":52,"779":52,"780":52,"782":26,"783":26,"787":25,"788":25,"790":25,"791":24,"793":24,"795":24,"796":24,"797":48,"798":48,"800":48,"801":48,"803":48,"806":24,"807":24,"808":24,"818":37,"820":37,"821":11,"823":26,"825":26,"827":26,"828":0,"830":26,"834":37,"838":0,"842":0,"850":0,"854":26,"855":26,"864":0,"865":0,"869":3},"path":"/Users/ilya/Desktop/projects/bratouverie/contracts/develompent/token/Collection.sol","s":{"1":27,"2":25,"3":8,"4":0,"5":658,"6":651,"7":651,"8":651,"9":651,"10":651,"11":0,"12":10,"13":1,"14":9,"15":9,"16":9,"17":9,"18":9,"19":9,"20":8,"21":16,"22":27,"23":26,"24":26,"25":26,"26":26,"27":26,"28":10,"29":10,"30":26,"31":26,"32":26,"33":7,"34":7,"35":5,"36":2,"37":4,"38":4,"39":2,"40":2,"41":4,"42":4,"43":2,"44":2,"45":2,"46":2,"47":21,"48":21,"49":21,"50":21,"51":6,"52":6,"53":6,"54":6,"55":15,"56":1,"57":1,"58":1,"59":1,"60":14,"61":8,"62":0,"63":8,"64":3,"65":2,"66":2,"67":2,"68":5,"69":5,"70":5,"71":5,"72":2,"73":2,"74":2,"75":2,"76":2,"77":2,"78":2,"79":0,"80":0,"81":0,"82":0,"83":0,"84":0,"85":0,"86":1,"87":1,"88":1,"89":1,"90":3,"91":3,"92":1,"93":0,"94":0,"95":0,"96":0,"97":0,"98":0,"99":0,"100":0,"101":0,"102":0,"103":0,"104":0,"105":0,"106":0,"107":0,"108":0,"109":2,"110":0,"111":0,"112":0,"113":0,"114":0,"115":5,"116":5,"117":4,"118":5,"119":2,"120":2,"121":38,"122":38,"123":15,"124":2,"125":0,"126":0,"127":0,"128":0,"129":0,"130":0,"131":1,"132":1,"133":0,"134":0,"135":52,"136":52,"137":52,"138":26,"139":25,"140":25,"141":24,"142":24,"143":24,"144":24,"145":48,"146":48,"147":48,"148":24,"149":24,"150":24,"151":37,"152":37,"153":26,"154":26,"155":0,"156":37,"157":0,"158":0,"159":0,"160":26,"161":26,"162":0,"163":0,"164":3},"b":{"1":[27,0],"2":[24,1],"3":[22,2],"4":[0,8],"5":[0,26],"6":[26,0],"7":[651,7],"8":[651,0],"9":[10,0],"10":[10,0],"11":[1,0],"12":[9,0],"13":[8,0],"14":[8,0],"15":[17,0],"16":[16,1],"17":[4,12],"18":[27,0],"19":[26,1],"20":[26,0],"21":[10,0],"22":[26,0],"23":[7,19],"24":[5,2],"25":[3,2],"26":[2,2],"27":[4,0],"28":[2,2],"29":[2,0],"30":[6,15],"31":[1,14],"32":[0,8],"33":[3,5],"34":[2,1],"35":[2,2],"36":[0,0],"37":[0,0],"38":[0,0],"39":[0,0],"40":[1,0],"41":[1,0],"42":[3,0],"43":[0,1],"44":[0,0],"45":[0,0],"46":[0,0],"47":[0,0],"48":[0,0],"49":[0,0],"50":[0,0],"51":[2,2],"52":[38,0],"53":[0,0],"54":[0,0],"55":[0,0],"56":[0,0],"57":[26,26],"58":[25,1],"59":[24,0],"60":[37,0],"61":[11,26],"62":[11,0],"63":[0,26],"64":[0,0],"65":[0,0],"66":[0,0],"67":[0,26],"68":[26,0],"69":[0,0],"70":[0,0],"71":[1,0]},"f":{"1":27,"2":25,"3":162,"4":658,"5":0,"6":10,"7":1,"8":9,"9":8,"10":16,"11":27,"12":8,"13":0,"14":1,"15":0,"16":0,"17":0,"18":0,"19":2,"20":0,"21":5,"22":5,"23":38,"24":15,"25":2,"26":0,"27":1,"28":1,"29":0,"30":0,"31":52,"32":52,"33":25,"34":37,"35":0,"36":26,"37":0,"38":3},"fnMap":{"1":{"name":"isMintEnabled","line":146,"loc":{"start":{"line":146,"column":4},"end":{"line":149,"column":4}}},"2":{"name":"paymentControl","line":151,"loc":{"start":{"line":151,"column":4},"end":{"line":163,"column":4}}},"3":{"name":"constructor","line":176,"loc":{"start":{"line":176,"column":4},"end":{"line":176,"column":34}}},"4":{"name":"initialize","line":178,"loc":{"start":{"line":178,"column":4},"end":{"line":204,"column":4}}},"5":{"name":"supportsInterface","line":206,"loc":{"start":{"line":206,"column":4},"end":{"line":208,"column":4}}},"6":{"name":"accessOnly","line":210,"loc":{"start":{"line":210,"column":4},"end":{"line":221,"column":4}}},"7":{"name":"updatePublicMintTokensLimit","line":225,"loc":{"start":{"line":223,"column":4},"end":{"line":228,"column":4}}},"8":{"name":"updateTreesAndMintStage","line":234,"loc":{"start":{"line":230,"column":4},"end":{"line":244,"column":4}}},"9":{"name":"mint","line":253,"loc":{"start":{"line":246,"column":4},"end":{"line":264,"column":4}}},"10":{"name":"mintTo","line":272,"loc":{"start":{"line":266,"column":4},"end":{"line":281,"column":4}}},"11":{"name":"_mintTo","line":290,"loc":{"start":{"line":283,"column":4},"end":{"line":404,"column":4}}},"12":{"name":"_mintTo","line":406,"loc":{"start":{"line":406,"column":4},"end":{"line":475,"column":4}}},"13":{"name":"batchMint","line":484,"loc":{"start":{"line":477,"column":4},"end":{"line":517,"column":4}}},"14":{"name":"batchMintTo","line":525,"loc":{"start":{"line":519,"column":4},"end":{"line":553,"column":4}}},"15":{"name":"batchSafeTransferFrom","line":555,"loc":{"start":{"line":555,"column":4},"end":{"line":565,"column":4}}},"16":{"name":"batchTransferFrom","line":567,"loc":{"start":{"line":567,"column":4},"end":{"line":577,"column":4}}},"17":{"name":"_getBatchTransferLength","line":579,"loc":{"start":{"line":579,"column":4},"end":{"line":586,"column":4}}},"18":{"name":"updateRoyaltySettings","line":592,"loc":{"start":{"line":588,"column":4},"end":{"line":620,"column":4}}},"19":{"name":"getRoyalySettings","line":622,"loc":{"start":{"line":622,"column":4},"end":{"line":631,"column":4}}},"20":{"name":"canMintToken","line":633,"loc":{"start":{"line":633,"column":4},"end":{"line":653,"column":4}}},"21":{"name":"hasWhitelist","line":655,"loc":{"start":{"line":655,"column":4},"end":{"line":677,"column":4}}},"22":{"name":"canMintWithWhitelist","line":679,"loc":{"start":{"line":679,"column":4},"end":{"line":697,"column":4}}},"23":{"name":"isTokenBookedFrom","line":699,"loc":{"start":{"line":699,"column":4},"end":{"line":721,"column":4}}},"24":{"name":"isTokenBookedFromAdmin","line":723,"loc":{"start":{"line":723,"column":4},"end":{"line":731,"column":4}}},"25":{"name":"isTokenNotBooked","line":733,"loc":{"start":{"line":733,"column":4},"end":{"line":741,"column":4}}},"26":{"name":"withdraw","line":743,"loc":{"start":{"line":743,"column":4},"end":{"line":755,"column":4}}},"27":{"name":"name","line":757,"loc":{"start":{"line":757,"column":4},"end":{"line":759,"column":4}}},"28":{"name":"symbol","line":761,"loc":{"start":{"line":761,"column":4},"end":{"line":763,"column":4}}},"29":{"name":"_baseURI","line":765,"loc":{"start":{"line":765,"column":4},"end":{"line":767,"column":4}}},"30":{"name":"_burn","line":769,"loc":{"start":{"line":769,"column":4},"end":{"line":772,"column":4}}},"31":{"name":"_calcSenderHash","line":774,"loc":{"start":{"line":774,"column":4},"end":{"line":776,"column":4}}},"32":{"name":"_checkSenderHash","line":778,"loc":{"start":{"line":778,"column":4},"end":{"line":784,"column":4}}},"33":{"name":"_sendRoyalty","line":786,"loc":{"start":{"line":786,"column":4},"end":{"line":810,"column":4}}},"34":{"name":"_beforeTokenTransfer","line":812,"loc":{"start":{"line":812,"column":4},"end":{"line":835,"column":4}}},"35":{"name":"transferOwnership","line":837,"loc":{"start":{"line":837,"column":4},"end":{"line":851,"column":4}}},"36":{"name":"_isApprovedOrOwner","line":853,"loc":{"start":{"line":853,"column":4},"end":{"line":861,"column":4}}},"37":{"name":"tokenURI","line":863,"loc":{"start":{"line":863,"column":4},"end":{"line":866,"column":4}}},"38":{"name":"_isAdmin","line":868,"loc":{"start":{"line":868,"column":4},"end":{"line":875,"column":4}}}},"statementMap":{"1":{"start":{"line":147,"column":8},"end":{"line":147,"column":69}},"2":{"start":{"line":152,"column":8},"end":{"line":152,"column":5098}},"3":{"start":{"line":157,"column":8},"end":{"line":157,"column":5258}},"4":{"start":{"line":161,"column":12},"end":{"line":161,"column":85}},"5":{"start":{"line":185,"column":8},"end":{"line":185,"column":64}},"6":{"start":{"line":186,"column":8},"end":{"line":186,"column":87}},"7":{"start":{"line":190,"column":8},"end":{"line":190,"column":31}},"8":{"start":{"line":191,"column":8},"end":{"line":191,"column":56}},"9":{"start":{"line":200,"column":8},"end":{"line":200,"column":40}},"10":{"start":{"line":201,"column":8},"end":{"line":201,"column":44}},"11":{"start":{"line":207,"column":8},"end":{"line":207,"column":51}},"12":{"start":{"line":211,"column":8},"end":{"line":211,"column":6914}},"13":{"start":{"line":226,"column":8},"end":{"line":226,"column":88}},"14":{"start":{"line":235,"column":8},"end":{"line":235,"column":37}},"15":{"start":{"line":237,"column":8},"end":{"line":237,"column":75}},"16":{"start":{"line":238,"column":8},"end":{"line":238,"column":73}},"17":{"start":{"line":239,"column":8},"end":{"line":239,"column":60}},"18":{"start":{"line":241,"column":8},"end":{"line":241,"column":38}},"19":{"start":{"line":242,"column":8},"end":{"line":242,"column":38}},"20":{"start":{"line":254,"column":8},"end":{"line":254,"column":8356}},"21":{"start":{"line":273,"column":8},"end":{"line":273,"column":8919}},"22":{"start":{"line":291,"column":8},"end":{"line":291,"column":69}},"23":{"start":{"line":294,"column":8},"end":{"line":294,"column":51}},"24":{"start":{"line":295,"column":8},"end":{"line":295,"column":95}},"25":{"start":{"line":297,"column":8},"end":{"line":297,"column":60}},"26":{"start":{"line":298,"column":8},"end":{"line":298,"column":53}},"27":{"start":{"line":299,"column":8},"end":{"line":299,"column":9756}},"28":{"start":{"line":300,"column":12},"end":{"line":300,"column":89}},"29":{"start":{"line":302,"column":12},"end":{"line":302,"column":9892}},"30":{"start":{"line":311,"column":8},"end":{"line":311,"column":69}},"31":{"start":{"line":315,"column":8},"end":{"line":315,"column":10313}},"32":{"start":{"line":324,"column":8},"end":{"line":324,"column":10525}},"33":{"start":{"line":325,"column":12},"end":{"line":325,"column":67}},"34":{"start":{"line":326,"column":12},"end":{"line":326,"column":10651}},"35":{"start":{"line":327,"column":16},"end":{"line":327,"column":103}},"36":{"start":{"line":329,"column":16},"end":{"line":329,"column":10811}},"37":{"start":{"line":336,"column":12},"end":{"line":336,"column":63}},"38":{"start":{"line":337,"column":12},"end":{"line":337,"column":102}},"39":{"start":{"line":339,"column":12},"end":{"line":339,"column":27}},"40":{"start":{"line":340,"column":12},"end":{"line":340,"column":11229}},"41":{"start":{"line":341,"column":16},"end":{"line":341,"column":101}},"42":{"start":{"line":344,"column":16},"end":{"line":344,"column":11460}},"43":{"start":{"line":345,"column":20},"end":{"line":345,"column":11497}},"44":{"start":{"line":349,"column":20},"end":{"line":349,"column":11726}},"45":{"start":{"line":357,"column":12},"end":{"line":357,"column":93}},"46":{"start":{"line":359,"column":12},"end":{"line":359,"column":12146}},"47":{"start":{"line":367,"column":8},"end":{"line":367,"column":12372}},"48":{"start":{"line":370,"column":8},"end":{"line":370,"column":12533}},"49":{"start":{"line":373,"column":8},"end":{"line":373,"column":12669}},"50":{"start":{"line":377,"column":8},"end":{"line":377,"column":12812}},"51":{"start":{"line":378,"column":12},"end":{"line":378,"column":12928}},"52":{"start":{"line":383,"column":12},"end":{"line":383,"column":35}},"53":{"start":{"line":384,"column":12},"end":{"line":384,"column":67}},"54":{"start":{"line":386,"column":12},"end":{"line":386,"column":23}},"55":{"start":{"line":389,"column":8},"end":{"line":389,"column":13274}},"56":{"start":{"line":393,"column":12},"end":{"line":393,"column":13445}},"57":{"start":{"line":398,"column":12},"end":{"line":398,"column":35}},"58":{"start":{"line":399,"column":12},"end":{"line":399,"column":72}},"59":{"start":{"line":401,"column":12},"end":{"line":401,"column":23}},"60":{"start":{"line":403,"column":8},"end":{"line":403,"column":20}},"61":{"start":{"line":417,"column":8},"end":{"line":417,"column":14162}},"62":{"start":{"line":425,"column":12},"end":{"line":425,"column":18}},"63":{"start":{"line":428,"column":8},"end":{"line":428,"column":14374}},"64":{"start":{"line":429,"column":12},"end":{"line":429,"column":113}},"65":{"start":{"line":432,"column":12},"end":{"line":432,"column":35}},"66":{"start":{"line":433,"column":12},"end":{"line":433,"column":53}},"67":{"start":{"line":435,"column":12},"end":{"line":435,"column":18}},"68":{"start":{"line":438,"column":8},"end":{"line":438,"column":14720}},"69":{"start":{"line":441,"column":8},"end":{"line":441,"column":14881}},"70":{"start":{"line":444,"column":8},"end":{"line":444,"column":15017}},"71":{"start":{"line":448,"column":8},"end":{"line":448,"column":15160}},"72":{"start":{"line":458,"column":12},"end":{"line":458,"column":33}},"73":{"start":{"line":462,"column":12},"end":{"line":462,"column":60}},"74":{"start":{"line":463,"column":12},"end":{"line":463,"column":15619}},"75":{"start":{"line":468,"column":12},"end":{"line":468,"column":35}},"76":{"start":{"line":469,"column":12},"end":{"line":469,"column":58}},"77":{"start":{"line":471,"column":12},"end":{"line":471,"column":18}},"78":{"start":{"line":474,"column":8},"end":{"line":474,"column":46}},"79":{"start":{"line":486,"column":8},"end":{"line":486,"column":30}},"80":{"start":{"line":488,"column":8},"end":{"line":488,"column":16455}},"81":{"start":{"line":495,"column":8},"end":{"line":495,"column":16675}},"82":{"start":{"line":496,"column":12},"end":{"line":496,"column":16724}},"83":{"start":{"line":507,"column":12},"end":{"line":507,"column":17063}},"84":{"start":{"line":514,"column":8},"end":{"line":514,"column":17238}},"85":{"start":{"line":515,"column":12},"end":{"line":515,"column":63}},"86":{"start":{"line":526,"column":8},"end":{"line":526,"column":35}},"87":{"start":{"line":527,"column":8},"end":{"line":527,"column":17695}},"88":{"start":{"line":532,"column":8},"end":{"line":532,"column":20}},"89":{"start":{"line":533,"column":8},"end":{"line":533,"column":17861}},"90":{"start":{"line":534,"column":12},"end":{"line":534,"column":17904}},"91":{"start":{"line":543,"column":12},"end":{"line":543,"column":18129}},"92":{"start":{"line":550,"column":8},"end":{"line":550,"column":18301}},"93":{"start":{"line":551,"column":12},"end":{"line":551,"column":60}},"94":{"start":{"line":560,"column":8},"end":{"line":560,"column":74}},"95":{"start":{"line":561,"column":8},"end":{"line":561,"column":18655}},"96":{"start":{"line":562,"column":12},"end":{"line":562,"column":106}},"97":{"start":{"line":572,"column":8},"end":{"line":572,"column":74}},"98":{"start":{"line":573,"column":8},"end":{"line":573,"column":19085}},"99":{"start":{"line":574,"column":12},"end":{"line":574,"column":63}},"100":{"start":{"line":585,"column":8},"end":{"line":585,"column":100}},"101":{"start":{"line":593,"column":8},"end":{"line":593,"column":63}},"102":{"start":{"line":596,"column":8},"end":{"line":596,"column":23}},"103":{"start":{"line":597,"column":8},"end":{"line":597,"column":35}},"104":{"start":{"line":598,"column":8},"end":{"line":598,"column":19905}},"105":{"start":{"line":599,"column":12},"end":{"line":599,"column":73}},"106":{"start":{"line":601,"column":12},"end":{"line":601,"column":20038}},"107":{"start":{"line":610,"column":8},"end":{"line":610,"column":20252}},"108":{"start":{"line":615,"column":8},"end":{"line":615,"column":20398}},"109":{"start":{"line":628,"column":8},"end":{"line":628,"column":59}},"110":{"start":{"line":643,"column":8},"end":{"line":643,"column":21142}},"111":{"start":{"line":644,"column":12},"end":{"line":644,"column":23}},"112":{"start":{"line":646,"column":8},"end":{"line":646,"column":21281}},"113":{"start":{"line":650,"column":12},"end":{"line":650,"column":23}},"114":{"start":{"line":652,"column":8},"end":{"line":652,"column":133}},"115":{"start":{"line":660,"column":8},"end":{"line":660,"column":29}},"116":{"start":{"line":664,"column":8},"end":{"line":664,"column":54}},"117":{"start":{"line":665,"column":8},"end":{"line":665,"column":21945}},"118":{"start":{"line":689,"column":8},"end":{"line":689,"column":22716}},"119":{"start":{"line":694,"column":12},"end":{"line":694,"column":100}},"120":{"start":{"line":696,"column":8},"end":{"line":696,"column":20}},"121":{"start":{"line":707,"column":8},"end":{"line":707,"column":57}},"122":{"start":{"line":709,"column":8},"end":{"line":709,"column":23277}},"123":{"start":{"line":730,"column":8},"end":{"line":730,"column":121}},"124":{"start":{"line":740,"column":8},"end":{"line":740,"column":109}},"125":{"start":{"line":744,"column":8},"end":{"line":744,"column":26}},"126":{"start":{"line":745,"column":8},"end":{"line":745,"column":24618}},"127":{"start":{"line":747,"column":12},"end":{"line":747,"column":69}},"128":{"start":{"line":748,"column":12},"end":{"line":748,"column":54}},"129":{"start":{"line":751,"column":12},"end":{"line":751,"column":66}},"130":{"start":{"line":754,"column":8},"end":{"line":754,"column":62}},"131":{"start":{"line":758,"column":8},"end":{"line":758,"column":20}},"132":{"start":{"line":762,"column":8},"end":{"line":762,"column":22}},"133":{"start":{"line":766,"column":8},"end":{"line":766,"column":23}},"134":{"start":{"line":770,"column":8},"end":{"line":770,"column":27}},"135":{"start":{"line":775,"column":8},"end":{"line":775,"column":78}},"136":{"start":{"line":779,"column":8},"end":{"line":779,"column":47}},"137":{"start":{"line":780,"column":8},"end":{"line":780,"column":61}},"138":{"start":{"line":780,"column":55},"end":{"line":780,"column":61}},"139":{"start":{"line":787,"column":8},"end":{"line":787,"column":50}},"140":{"start":{"line":788,"column":8},"end":{"line":788,"column":63}},"141":{"start":{"line":791,"column":8},"end":{"line":791,"column":40}},"142":{"start":{"line":793,"column":8},"end":{"line":793,"column":60}},"143":{"start":{"line":795,"column":8},"end":{"line":795,"column":41}},"144":{"start":{"line":796,"column":8},"end":{"line":796,"column":26287}},"145":{"start":{"line":797,"column":12},"end":{"line":797,"column":78}},"146":{"start":{"line":800,"column":12},"end":{"line":800,"column":63}},"147":{"start":{"line":801,"column":12},"end":{"line":801,"column":75}},"148":{"start":{"line":806,"column":8},"end":{"line":806,"column":26620}},"149":{"start":{"line":807,"column":12},"end":{"line":807,"column":61}},"150":{"start":{"line":808,"column":12},"end":{"line":808,"column":73}},"151":{"start":{"line":818,"column":8},"end":{"line":818,"column":79}},"152":{"start":{"line":820,"column":8},"end":{"line":820,"column":27063}},"153":{"start":{"line":823,"column":12},"end":{"line":823,"column":29}},"154":{"start":{"line":827,"column":12},"end":{"line":827,"column":27264}},"155":{"start":{"line":828,"column":16},"end":{"line":828,"column":29}},"156":{"start":{"line":834,"column":8},"end":{"line":834,"column":68}},"157":{"start":{"line":838,"column":8},"end":{"line":838,"column":27601}},"158":{"start":{"line":842,"column":8},"end":{"line":842,"column":27769}},"159":{"start":{"line":850,"column":8},"end":{"line":850,"column":40}},"160":{"start":{"line":854,"column":8},"end":{"line":854,"column":47}},"161":{"start":{"line":855,"column":8},"end":{"line":855,"column":28213}},"162":{"start":{"line":864,"column":8},"end":{"line":864,"column":42}},"163":{"start":{"line":865,"column":8},"end":{"line":865,"column":110}},"164":{"start":{"line":869,"column":8},"end":{"line":869,"column":28779}}},"branchMap":{"1":{"line":147,"type":"if","locations":[{"start":{"line":147,"column":8},"end":{"line":147,"column":8}},{"start":{"line":147,"column":8},"end":{"line":147,"column":8}}]},"2":{"line":152,"type":"if","locations":[{"start":{"line":152,"column":8},"end":{"line":152,"column":8}},{"start":{"line":152,"column":8},"end":{"line":152,"column":8}}]},"3":{"line":153,"type":"cond-expr","locations":[{"start":{"line":153,"column":12},"end":{"line":153,"column":53}},{"start":{"line":153,"column":58},"end":{"line":153,"column":71}}]},"4":{"line":157,"type":"if","locations":[{"start":{"line":157,"column":8},"end":{"line":157,"column":8}},{"start":{"line":157,"column":8},"end":{"line":157,"column":8}}]},"5":{"line":166,"type":"if","locations":[{"start":{"line":166,"column":8},"end":{"line":166,"column":8}},{"start":{"line":166,"column":8},"end":{"line":166,"column":8}}]},"6":{"line":171,"type":"if","locations":[{"start":{"line":171,"column":8},"end":{"line":171,"column":8}},{"start":{"line":171,"column":8},"end":{"line":171,"column":8}}]},"7":{"line":185,"type":"if","locations":[{"start":{"line":185,"column":8},"end":{"line":185,"column":8}},{"start":{"line":185,"column":8},"end":{"line":185,"column":8}}]},"8":{"line":186,"type":"if","locations":[{"start":{"line":186,"column":8},"end":{"line":186,"column":8}},{"start":{"line":186,"column":8},"end":{"line":186,"column":8}}]},"9":{"line":211,"type":"if","locations":[{"start":{"line":211,"column":8},"end":{"line":211,"column":8}},{"start":{"line":211,"column":8},"end":{"line":211,"column":8}}]},"10":{"line":212,"type":"cond-expr","locations":[{"start":{"line":212,"column":12},"end":{"line":217,"column":12}},{"start":{"line":217,"column":17},"end":{"line":217,"column":37}}]},"11":{"line":225,"type":"if","locations":[{"start":{"line":225,"column":15},"end":{"line":225,"column":15}},{"start":{"line":225,"column":15},"end":{"line":225,"column":15}}]},"12":{"line":234,"type":"if","locations":[{"start":{"line":234,"column":15},"end":{"line":234,"column":15}},{"start":{"line":234,"column":15},"end":{"line":234,"column":15}}]},"13":{"line":253,"type":"if","locations":[{"start":{"line":253,"column":23},"end":{"line":253,"column":23}},{"start":{"line":253,"column":23},"end":{"line":253,"column":23}}]},"14":{"line":253,"type":"if","locations":[{"start":{"line":253,"column":36},"end":{"line":253,"column":36}},{"start":{"line":253,"column":36},"end":{"line":253,"column":36}}]},"15":{"line":272,"type":"if","locations":[{"start":{"line":272,"column":23},"end":{"line":272,"column":23}},{"start":{"line":272,"column":23},"end":{"line":272,"column":23}}]},"16":{"line":272,"type":"if","locations":[{"start":{"line":272,"column":36},"end":{"line":272,"column":36}},{"start":{"line":272,"column":36},"end":{"line":272,"column":36}}]},"17":{"line":273,"type":"if","locations":[{"start":{"line":273,"column":8},"end":{"line":273,"column":8}},{"start":{"line":273,"column":8},"end":{"line":273,"column":8}}]},"18":{"line":290,"type":"if","locations":[{"start":{"line":290,"column":14},"end":{"line":290,"column":14}},{"start":{"line":290,"column":14},"end":{"line":290,"column":14}}]},"19":{"line":291,"type":"if","locations":[{"start":{"line":291,"column":8},"end":{"line":291,"column":8}},{"start":{"line":291,"column":8},"end":{"line":291,"column":8}}]},"20":{"line":295,"type":"if","locations":[{"start":{"line":295,"column":8},"end":{"line":295,"column":8}},{"start":{"line":295,"column":8},"end":{"line":295,"column":8}}]},"21":{"line":300,"type":"if","locations":[{"start":{"line":300,"column":12},"end":{"line":300,"column":12}},{"start":{"line":300,"column":12},"end":{"line":300,"column":12}}]},"22":{"line":311,"type":"if","locations":[{"start":{"line":311,"column":8},"end":{"line":311,"column":8}},{"start":{"line":311,"column":8},"end":{"line":311,"column":8}}]},"23":{"line":324,"type":"if","locations":[{"start":{"line":324,"column":8},"end":{"line":324,"column":8}},{"start":{"line":324,"column":8},"end":{"line":324,"column":8}}]},"24":{"line":326,"type":"if","locations":[{"start":{"line":326,"column":12},"end":{"line":326,"column":12}},{"start":{"line":326,"column":12},"end":{"line":326,"column":12}}]},"25":{"line":327,"type":"if","locations":[{"start":{"line":327,"column":16},"end":{"line":327,"column":16}},{"start":{"line":327,"column":16},"end":{"line":327,"column":16}}]},"26":{"line":337,"type":"if","locations":[{"start":{"line":337,"column":12},"end":{"line":337,"column":12}},{"start":{"line":337,"column":12},"end":{"line":337,"column":12}}]},"27":{"line":341,"type":"if","locations":[{"start":{"line":341,"column":16},"end":{"line":341,"column":16}},{"start":{"line":341,"column":16},"end":{"line":341,"column":16}}]},"28":{"line":344,"type":"if","locations":[{"start":{"line":344,"column":16},"end":{"line":344,"column":16}},{"start":{"line":344,"column":16},"end":{"line":344,"column":16}}]},"29":{"line":357,"type":"if","locations":[{"start":{"line":357,"column":12},"end":{"line":357,"column":12}},{"start":{"line":357,"column":12},"end":{"line":357,"column":12}}]},"30":{"line":377,"type":"if","locations":[{"start":{"line":377,"column":8},"end":{"line":377,"column":8}},{"start":{"line":377,"column":8},"end":{"line":377,"column":8}}]},"31":{"line":389,"type":"if","locations":[{"start":{"line":389,"column":8},"end":{"line":389,"column":8}},{"start":{"line":389,"column":8},"end":{"line":389,"column":8}}]},"32":{"line":417,"type":"if","locations":[{"start":{"line":417,"column":8},"end":{"line":417,"column":8}},{"start":{"line":417,"column":8},"end":{"line":417,"column":8}}]},"33":{"line":428,"type":"if","locations":[{"start":{"line":428,"column":8},"end":{"line":428,"column":8}},{"start":{"line":428,"column":8},"end":{"line":428,"column":8}}]},"34":{"line":429,"type":"if","locations":[{"start":{"line":429,"column":12},"end":{"line":429,"column":12}},{"start":{"line":429,"column":12},"end":{"line":429,"column":12}}]},"35":{"line":448,"type":"if","locations":[{"start":{"line":448,"column":8},"end":{"line":448,"column":8}},{"start":{"line":448,"column":8},"end":{"line":448,"column":8}}]},"36":{"line":484,"type":"if","locations":[{"start":{"line":484,"column":23},"end":{"line":484,"column":23}},{"start":{"line":484,"column":23},"end":{"line":484,"column":23}}]},"37":{"line":488,"type":"if","locations":[{"start":{"line":488,"column":8},"end":{"line":488,"column":8}},{"start":{"line":488,"column":8},"end":{"line":488,"column":8}}]},"38":{"line":507,"type":"if","locations":[{"start":{"line":507,"column":12},"end":{"line":507,"column":12}},{"start":{"line":507,"column":12},"end":{"line":507,"column":12}}]},"39":{"line":514,"type":"if","locations":[{"start":{"line":514,"column":8},"end":{"line":514,"column":8}},{"start":{"line":514,"column":8},"end":{"line":514,"column":8}}]},"40":{"line":525,"type":"if","locations":[{"start":{"line":525,"column":23},"end":{"line":525,"column":23}},{"start":{"line":525,"column":23},"end":{"line":525,"column":23}}]},"41":{"line":527,"type":"if","locations":[{"start":{"line":527,"column":8},"end":{"line":527,"column":8}},{"start":{"line":527,"column":8},"end":{"line":527,"column":8}}]},"42":{"line":543,"type":"if","locations":[{"start":{"line":543,"column":12},"end":{"line":543,"column":12}},{"start":{"line":543,"column":12},"end":{"line":543,"column":12}}]},"43":{"line":550,"type":"if","locations":[{"start":{"line":550,"column":8},"end":{"line":550,"column":8}},{"start":{"line":550,"column":8},"end":{"line":550,"column":8}}]},"44":{"line":585,"type":"if","locations":[{"start":{"line":585,"column":8},"end":{"line":585,"column":8}},{"start":{"line":585,"column":8},"end":{"line":585,"column":8}}]},"45":{"line":592,"type":"if","locations":[{"start":{"line":592,"column":15},"end":{"line":592,"column":15}},{"start":{"line":592,"column":15},"end":{"line":592,"column":15}}]},"46":{"line":593,"type":"if","locations":[{"start":{"line":593,"column":8},"end":{"line":593,"column":8}},{"start":{"line":593,"column":8},"end":{"line":593,"column":8}}]},"47":{"line":599,"type":"if","locations":[{"start":{"line":599,"column":12},"end":{"line":599,"column":12}},{"start":{"line":599,"column":12},"end":{"line":599,"column":12}}]},"48":{"line":610,"type":"if","locations":[{"start":{"line":610,"column":8},"end":{"line":610,"column":8}},{"start":{"line":610,"column":8},"end":{"line":610,"column":8}}]},"49":{"line":643,"type":"if","locations":[{"start":{"line":643,"column":8},"end":{"line":643,"column":8}},{"start":{"line":643,"column":8},"end":{"line":643,"column":8}}]},"50":{"line":646,"type":"if","locations":[{"start":{"line":646,"column":8},"end":{"line":646,"column":8}},{"start":{"line":646,"column":8},"end":{"line":646,"column":8}}]},"51":{"line":689,"type":"if","locations":[{"start":{"line":689,"column":8},"end":{"line":689,"column":8}},{"start":{"line":689,"column":8},"end":{"line":689,"column":8}}]},"52":{"line":707,"type":"if","locations":[{"start":{"line":707,"column":8},"end":{"line":707,"column":8}},{"start":{"line":707,"column":8},"end":{"line":707,"column":8}}]},"53":{"line":743,"type":"if","locations":[{"start":{"line":743,"column":53},"end":{"line":743,"column":53}},{"start":{"line":743,"column":53},"end":{"line":743,"column":53}}]},"54":{"line":743,"type":"if","locations":[{"start":{"line":743,"column":66},"end":{"line":743,"column":66}},{"start":{"line":743,"column":66},"end":{"line":743,"column":66}}]},"55":{"line":745,"type":"if","locations":[{"start":{"line":745,"column":8},"end":{"line":745,"column":8}},{"start":{"line":745,"column":8},"end":{"line":745,"column":8}}]},"56":{"line":747,"type":"if","locations":[{"start":{"line":747,"column":12},"end":{"line":747,"column":12}},{"start":{"line":747,"column":12},"end":{"line":747,"column":12}}]},"57":{"line":780,"type":"if","locations":[{"start":{"line":780,"column":8},"end":{"line":780,"column":8}},{"start":{"line":780,"column":8},"end":{"line":780,"column":8}}]},"58":{"line":786,"type":"if","locations":[{"start":{"line":786,"column":36},"end":{"line":786,"column":36}},{"start":{"line":786,"column":36},"end":{"line":786,"column":36}}]},"59":{"line":806,"type":"if","locations":[{"start":{"line":806,"column":8},"end":{"line":806,"column":8}},{"start":{"line":806,"column":8},"end":{"line":806,"column":8}}]},"60":{"line":818,"type":"if","locations":[{"start":{"line":818,"column":8},"end":{"line":818,"column":8}},{"start":{"line":818,"column":8},"end":{"line":818,"column":8}}]},"61":{"line":820,"type":"if","locations":[{"start":{"line":820,"column":8},"end":{"line":820,"column":8}},{"start":{"line":820,"column":8},"end":{"line":820,"column":8}}]},"62":{"line":820,"type":"cond-expr","locations":[{"start":{"line":820,"column":12},"end":{"line":820,"column":29}},{"start":{"line":820,"column":34},"end":{"line":820,"column":49}}]},"63":{"line":827,"type":"if","locations":[{"start":{"line":827,"column":12},"end":{"line":827,"column":12}},{"start":{"line":827,"column":12},"end":{"line":827,"column":12}}]},"64":{"line":837,"type":"if","locations":[{"start":{"line":837,"column":65},"end":{"line":837,"column":65}},{"start":{"line":837,"column":65},"end":{"line":837,"column":65}}]},"65":{"line":838,"type":"if","locations":[{"start":{"line":838,"column":8},"end":{"line":838,"column":8}},{"start":{"line":838,"column":8},"end":{"line":838,"column":8}}]},"66":{"line":842,"type":"if","locations":[{"start":{"line":842,"column":8},"end":{"line":842,"column":8}},{"start":{"line":842,"column":8},"end":{"line":842,"column":8}}]},"67":{"line":856,"type":"cond-expr","locations":[{"start":{"line":856,"column":12},"end":{"line":856,"column":27}},{"start":{"line":857,"column":12},"end":{"line":857,"column":43}}]},"68":{"line":856,"type":"cond-expr","locations":[{"start":{"line":856,"column":12},"end":{"line":857,"column":43}},{"start":{"line":858,"column":12},"end":{"line":858,"column":42}}]},"69":{"line":856,"type":"cond-expr","locations":[{"start":{"line":856,"column":12},"end":{"line":858,"column":42}},{"start":{"line":859,"column":12},"end":{"line":859,"column":56}}]},"70":{"line":865,"type":"if","locations":[{"start":{"line":865,"column":43},"end":{"line":865,"column":104}},{"start":{"line":865,"column":108},"end":{"line":865,"column":109}}]},"71":{"line":869,"type":"cond-expr","locations":[{"start":{"line":869,"column":16},"end":{"line":874,"column":8}},{"start":{"line":874,"column":13},"end":{"line":874,"column":33}}]}}},"contracts/develompent/token/MockToken.sol":{"l":{"16":9},"path":"/Users/ilya/Desktop/projects/bratouverie/contracts/develompent/token/MockToken.sol","s":{"1":9},"b":{},"f":{"1":90,"2":9},"fnMap":{"1":{"name":"constructor","line":13,"loc":{"start":{"line":13,"column":4},"end":{"line":13,"column":41}}},"2":{"name":"mint","line":15,"loc":{"start":{"line":15,"column":4},"end":{"line":17,"column":4}}}},"statementMap":{"1":{"start":{"line":16,"column":8},"end":{"line":16,"column":24}}},"branchMap":{}},"contracts/develompent/token/ProxiedCollection.sol":{"l":{"36":959,"37":959,"41":651},"path":"/Users/ilya/Desktop/projects/bratouverie/contracts/develompent/token/ProxiedCollection.sol","s":{"1":959,"2":959,"3":651,"4":308},"b":{"1":[651,308]},"f":{"1":651,"2":959},"fnMap":{"1":{"name":"constructor","line":27,"loc":{"start":{"line":22,"column":4},"end":{"line":27,"column":7}}},"2":{"name":"_fallback","line":35,"loc":{"start":{"line":35,"column":4},"end":{"line":43,"column":4}}}},"statementMap":{"1":{"start":{"line":36,"column":8},"end":{"line":36,"column":33}},"2":{"start":{"line":37,"column":8},"end":{"line":37,"column":1482}},"3":{"start":{"line":41,"column":12},"end":{"line":41,"column":39}},"4":{"start":{"line":42,"column":15},"end":{"line":42,"column":31}}},"branchMap":{"1":{"line":37,"type":"if","locations":[{"start":{"line":37,"column":8},"end":{"line":37,"column":8}},{"start":{"line":37,"column":8},"end":{"line":37,"column":8}}]}}}}